http://dts.podtrac.com/redirect.mp3/http://podcasts.rtp.pt/nas2.share/wavrss/at1/1803/Portugalex049_5146000-1803051729.mp3
http://dts.podtrac.com/redirect.mp3/http://podcasts.rtp.pt/nas2.share/wavrss/at1/1803/Portugalex050_5145999-1803051729.mp3
http://dts.podtrac.com/redirect.mp3/http://podcasts.rtp.pt/nas2.share/wavrss/at1/1803/Portugalex051_5155426-1803091715.mp3
http://dts.podtrac.com/redirect.mp3/http://podcasts.rtp.pt/nas2.share/wavrss/at1/1803/Portugalex052_5158454-1803121615.mp3
http://dts.podtrac.com/redirect.mp3/http://podcasts.rtp.pt/nas2.share/wavrss/at1/1803/Portugalex053_5158458-1803121615.mp3
http://dts.podtrac.com/redirect.mp3/http://podcasts.rtp.pt/nas2.share/wavrss/at1/1803/Portugalex054_5158457-1803121615.mp3
http://dts.podtrac.com/redirect.mp3/http://podcasts.rtp.pt/nas2.share/wavrss/at1/1803/Portugalex055_5158456-1803121615.mp3
http://dts.podtrac.com/redirect.mp3/http://podcasts.rtp.pt/nas2.share/wavrss/at1/1803/Portugalex056_5158455-1803121615.mp3
http://dts.podtrac.com/redirect.mp3/http://podcasts.rtp.pt/nas2.share/wavrss/at1/1803/Portugalex057_5170959-1803191659.mp3
http://dts.podtrac.com/redirect.mp3/http://podcasts.rtp.pt/nas2.share/wavrss/at1/1803/Portugalex058_5170958-1803191659.mp3
http://dts.podtrac.com/redirect.mp3/http://podcasts.rtp.pt/nas2.share/wavrss/at1/1803/Portugalex059_5170962-1803191659.mp3
http://dts.podtrac.com/redirect.mp3/http://podcasts.rtp.pt/nas2.share/wavrss/at1/1803/Portugalex060_5170961-1803191659.mp3
http://dts.podtrac.com/redirect.mp3/http://podcasts.rtp.pt/nas2.share/wavrss/at1/1803/Portugalex061_5170960-1803191659.mp3
http://dts.podtrac.com/redirect.mp3/http://podcasts.rtp.pt/nas2.share/wavrss/at1/1803/Portugalex062_5183017-1803261647.mp3
http://dts.podtrac.com/redirect.mp3/http://podcasts.rtp.pt/nas2.share/wavrss/at1/1803/Portugalex063_5183035-1803261702.mp3
http://dts.podtrac.com/redirect.mp3/http://podcasts.rtp.pt/nas2.share/wavrss/at1/1803/Portugalex064_5183038-1803261702.mp3
http://dts.podtrac.com/redirect.mp3/http://podcasts.rtp.pt/nas2.share/wavrss/at1/1803/Portugalex065_5183037-1803261702.mp3
http://dts.podtrac.com/redirect.mp3/http://podcasts.rtp.pt/nas2.share/wavrss/at1/1803/Portugalex066_5183036-1803261702.mp3
http://dts.podtrac.com/redirect.mp3/http://podcasts.rtp.pt/nas2.share/wavrss/at1/1804/Portugalex067_5194222-1804030507.mp3
http://dts.podtrac.com/redirect.mp3/http://podcasts.rtp.pt/nas2.share/wavrss/at1/1804/Portugalex068_5194223-1804030512.mp3
http://dts.podtrac.com/redirect.mp3/http://podcasts.rtp.pt/nas2.share/wavrss/at1/1804/Portugalex069_5194224-1804030512.mp3
http://dts.podtrac.com/redirect.mp3/http://podcasts.rtp.pt/nas2.share/wavrss/at1/1804/Portugalex070_5194225-1804030512.mp3
http://dts.podtrac.com/redirect.mp3/http://podcasts.rtp.pt/nas2.share/wavrss/at1/1804/Portugalex071_5200079-1804051639.mp3
http://dts.podtrac.com/redirect.mp3/http://podcasts.rtp.pt/nas2.share/wavrss/at1/1804/Portugalex072_5206391-1804092000.mp3
http://dts.podtrac.com/redirect.mp3/http://podcasts.rtp.pt/nas2.share/wavrss/at1/1804/Portugalex073_5208725-1804101839.mp3
http://dts.podtrac.com/redirect.mp3/http://podcasts.rtp.pt/nas2.share/wavrss/at1/1804/Portugalex074_5208728-1804101839.mp3
http://dts.podtrac.com/redirect.mp3/http://podcasts.rtp.pt/nas2.share/wavrss/at1/1804/Portugalex075_5208727-1804101844.mp3
http://dts.podtrac.com/redirect.mp3/http://podcasts.rtp.pt/nas2.share/wavrss/at1/1804/Portugalex076_5208726-1804101844.mp3
http://dts.podtrac.com/redirect.mp3/http://podcasts.rtp.pt/nas2.share/wavrss/at1/1804/Portugalex077_5219375-1804161855.mp3
http://dts.podtrac.com/redirect.mp3/http://podcasts.rtp.pt/nas2.share/wavrss/at1/1804/Portugalex078_5220918-1804171450.mp3
http://dts.podtrac.com/redirect.mp3/http://podcasts.rtp.pt/nas2.share/wavrss/at1/1804/Portugalex079_5220917-1804171450.mp3
http://dts.podtrac.com/redirect.mp3/http://podcasts.rtp.pt/nas2.share/wavrss/at1/1804/Portugalex080_5220916-1804171450.mp3
http://dts.podtrac.com/redirect.mp3/http://podcasts.rtp.pt/nas2.share/wavrss/at1/1804/Portugalex081_5220915-1804171456.mp3
http://dts.podtrac.com/redirect.mp3/http://podcasts.rtp.pt/nas2.share/wavrss/at1/1804/Portugalex082_5231174-1804231522.mp3
http://dts.podtrac.com/redirect.mp3/http://podcasts.rtp.pt/nas2.share/wavrss/at1/1804/Portugalex083_5234067-1804241732.mp3
http://dts.podtrac.com/redirect.mp3/http://podcasts.rtp.pt/nas2.share/wavrss/at1/1804/Portugalex084_5234066-1804241738.mp3
http://dts.podtrac.com/redirect.mp3/http://podcasts.rtp.pt/nas2.share/wavrss/at1/1804/Portugalex085_5234065-1804241738.mp3
http://dts.podtrac.com/redirect.mp3/http://podcasts.rtp.pt/nas2.share/wavrss/at1/1804/Portugalex086_5234064-1804241738.mp3
http://dts.podtrac.com/redirect.mp3/http://podcasts.rtp.pt/nas2.share/wavrss/at1/1804/Portugalex087_5242040-1804301705.mp3
http://dts.podtrac.com/redirect.mp3/http://podcasts.rtp.pt/nas2.share/wavrss/at1/1804/Portugalex088_5242039-1804301705.mp3
http://dts.podtrac.com/redirect.mp3/http://podcasts.rtp.pt/nas2.share/wavrss/at1/1804/Portugalex089_5242038-1804301710.mp3
http://dts.podtrac.com/redirect.mp3/http://podcasts.rtp.pt/nas2.share/wavrss/at1/1804/Portugalex090_5242042-1804301710.mp3
http://dts.podtrac.com/redirect.mp3/http://podcasts.rtp.pt/nas2.share/wavrss/at1/1804/Portugalex091_5242041-1804301710.mp3
http://dts.podtrac.com/redirect.mp3/http://podcasts.rtp.pt/nas2.share/wavrss/at1/1805/Portugalex091_5252355-1805071537.mp3
http://dts.podtrac.com/redirect.mp3/http://podcasts.rtp.pt/nas2.share/wavrss/at1/1805/Portugalex092_5253292-1805080542.mp3
http://dts.podtrac.com/redirect.mp3/http://podcasts.rtp.pt/nas2.share/wavrss/at1/1805/Portugalex093_5256590-1805090909.mp3
http://dts.podtrac.com/redirect.mp3/http://podcasts.rtp.pt/nas2.share/wavrss/at1/1805/Portugalex094_5256591-1805090914.mp3
http://dts.podtrac.com/redirect.mp3/http://podcasts.rtp.pt/nas2.share/wavrss/at1/1805/Portugalex095_5256592-1805090914.mp3
http://dts.podtrac.com/redirect.mp3/http://podcasts.rtp.pt/nas2.share/wavrss/at1/1805/Portugalex096_5256593-1805090914.mp3
http://dts.podtrac.com/redirect.mp3/http://podcasts.rtp.pt/nas2.share/wavrss/at1/1805/Portugalex097_5266695-1805150520.mp3
http://dts.podtrac.com/redirect.mp3/http://podcasts.rtp.pt/nas2.share/wavrss/at1/1805/Portugalex098_5266696-1805150520.mp3
http://dts.podtrac.com/redirect.mp3/http://podcasts.rtp.pt/nas2.share/wavrss/at1/1805/Portugalex099_5266697-1805150520.mp3
http://dts.podtrac.com/redirect.mp3/http://podcasts.rtp.pt/nas2.share/wavrss/at1/1805/Portugalex100_5266698-1805150525.mp3
http://dts.podtrac.com/redirect.mp3/http://podcasts.rtp.pt/nas2.share/wavrss/at1/1805/Portugalex101_5276403-1805210645.mp3
http://dts.podtrac.com/redirect.mp3/http://podcasts.rtp.pt/nas2.share/wavrss/at1/1805/Portugalex102_5278469-1805220453.mp3
http://dts.podtrac.com/redirect.mp3/http://podcasts.rtp.pt/nas2.share/wavrss/at1/1805/Portugalex103_5278470-1805220453.mp3
http://dts.podtrac.com/redirect.mp3/http://podcasts.rtp.pt/nas2.share/wavrss/at1/1805/Portugalex104_5278471-1805220453.mp3
http://dts.podtrac.com/redirect.mp3/http://podcasts.rtp.pt/nas2.share/wavrss/at1/1805/Portugalex105_5278472-1805220458.mp3
http://dts.podtrac.com/redirect.mp3/http://podcasts.rtp.pt/nas2.share/wavrss/at1/1805/Portugalex106_5288568-1805280627.mp3
http://dts.podtrac.com/redirect.mp3/http://podcasts.rtp.pt/nas2.share/wavrss/at1/1805/Portugalex107_5289515-1805281439.mp3
http://dts.podtrac.com/redirect.mp3/http://podcasts.rtp.pt/nas2.share/wavrss/at3/1802/5134741_256520-1802270913.mp3
http://dts.podtrac.com/redirect.mp3/http://podcasts.rtp.pt/nas2.share/wavrss/at3/1802/5136818_256661-1802280912.mp3
http://dts.podtrac.com/redirect.mp3/http://podcasts.rtp.pt/nas2.share/wavrss/at3/1803/5139098_256803-1803010921.mp3
http://dts.podtrac.com/redirect.mp3/http://podcasts.rtp.pt/nas2.share/wavrss/at3/1803/5141687_256889-1803020939.mp3
http://dts.podtrac.com/redirect.mp3/http://podcasts.rtp.pt/nas2.share/wavrss/at3/1803/5144752_257044-1803050914.mp3
http://dts.podtrac.com/redirect.mp3/http://podcasts.rtp.pt/nas2.share/wavrss/at3/1803/5147326_257190-1803060923.mp3
http://dts.podtrac.com/redirect.mp3/http://podcasts.rtp.pt/nas2.share/wavrss/at3/1803/5149788_257287-1803070923.mp3
http://dts.podtrac.com/redirect.mp3/http://podcasts.rtp.pt/nas2.share/wavrss/at3/1803/5152600_257403-1803080930.mp3
http://dts.podtrac.com/redirect.mp3/http://podcasts.rtp.pt/nas2.share/wavrss/at3/1803/5154281_257507-1803090932.mp3
http://dts.podtrac.com/redirect.mp3/http://podcasts.rtp.pt/nas2.share/wavrss/at3/1803/5157593_257685-1803120934.mp3
http://dts.podtrac.com/redirect.mp3/http://podcasts.rtp.pt/nas2.share/wavrss/at3/1803/5159513_257790-1803130931.mp3
http://dts.podtrac.com/redirect.mp3/http://podcasts.rtp.pt/nas2.share/wavrss/at3/1803/5161640_257889-1803140923.mp3
http://dts.podtrac.com/redirect.mp3/http://podcasts.rtp.pt/nas2.share/wavrss/at3/1803/5164131_258005-1803150919.mp3
http://dts.podtrac.com/redirect.mp3/http://podcasts.rtp.pt/nas2.share/wavrss/at3/1803/5166416_258103-1803160927.mp3
http://dts.podtrac.com/redirect.mp3/http://podcasts.rtp.pt/nas2.share/wavrss/at3/1803/5169858_258289-1803190922.mp3
http://dts.podtrac.com/redirect.mp3/http://podcasts.rtp.pt/nas2.share/wavrss/at3/1803/5171733_258465-1803200941.mp3
http://dts.podtrac.com/redirect.mp3/http://podcasts.rtp.pt/nas2.share/wavrss/at3/1803/5174268_258557-1803210913.mp3
http://dts.podtrac.com/redirect.mp3/http://podcasts.rtp.pt/nas2.share/wavrss/at3/1803/5176458_258687-1803220911.mp3
http://dts.podtrac.com/redirect.mp3/http://podcasts.rtp.pt/nas2.share/wavrss/at3/1803/5178784_258800-1803230933.mp3
http://dts.podtrac.com/redirect.mp3/http://podcasts.rtp.pt/nas2.share/wavrss/at3/1803/5181567_258991-1803260922.mp3
http://dts.podtrac.com/redirect.mp3/http://podcasts.rtp.pt/nas2.share/wavrss/at3/1803/5183862_259141-1803270923.mp3
http://dts.podtrac.com/redirect.mp3/http://podcasts.rtp.pt/nas2.share/wavrss/at3/1803/5185915_259343-1803280914.mp3
http://dts.podtrac.com/redirect.mp3/http://podcasts.rtp.pt/nas2.share/wavrss/at3/1803/5188984_259460-1803290925.mp3
http://dts.podtrac.com/redirect.mp3/http://podcasts.rtp.pt/nas2.share/wavrss/at3/1804/5192538_259657-1804020924.mp3
http://dts.podtrac.com/redirect.mp3/http://podcasts.rtp.pt/nas2.share/wavrss/at3/1804/5194481_259831-1804030929.mp3
http://dts.podtrac.com/redirect.mp3/http://podcasts.rtp.pt/nas2.share/wavrss/at3/1804/5196592_259937-1804040913.mp3
http://dts.podtrac.com/redirect.mp3/http://podcasts.rtp.pt/nas2.share/wavrss/at3/1804/5201315_260125-1804052103.mp3
http://dts.podtrac.com/redirect.mp3/http://podcasts.rtp.pt/nas2.share/wavrss/at3/1804/5201984_260150-1804061133.mp3
http://dts.podtrac.com/redirect.mp3/http://podcasts.rtp.pt/nas2.share/wavrss/at3/1804/5204699_260319-1804090942.mp3
http://dts.podtrac.com/redirect.mp3/http://podcasts.rtp.pt/nas2.share/wavrss/at3/1804/5206901_260458-1804100921.mp3
http://dts.podtrac.com/redirect.mp3/http://podcasts.rtp.pt/nas2.share/wavrss/at3/1804/5209614_260593-1804110938.mp3
http://dts.podtrac.com/redirect.mp3/http://podcasts.rtp.pt/nas2.share/wavrss/at3/1804/5211986_260686-1804120917.mp3
http://dts.podtrac.com/redirect.mp3/http://podcasts.rtp.pt/nas2.share/wavrss/at3/1804/5214428_260818-1804130950.mp3
http://dts.podtrac.com/redirect.mp3/http://podcasts.rtp.pt/nas2.share/wavrss/at3/1804/5217910_260980-1804160928.mp3
http://dts.podtrac.com/redirect.mp3/http://podcasts.rtp.pt/nas2.share/wavrss/at3/1804/5220048_261103-1804170919.mp3
http://dts.podtrac.com/redirect.mp3/http://podcasts.rtp.pt/nas2.share/wavrss/at3/1804/5222299_261234-1804180917.mp3
http://dts.podtrac.com/redirect.mp3/http://podcasts.rtp.pt/nas2.share/wavrss/at3/1804/5224431_261318-1804190919.mp3
http://dts.podtrac.com/redirect.mp3/http://podcasts.rtp.pt/nas2.share/wavrss/at3/1804/5226781_261432-1804200929.mp3
http://dts.podtrac.com/redirect.mp3/http://podcasts.rtp.pt/nas2.share/wavrss/at3/1804/5230284_261620-1804230926.mp3
http://dts.podtrac.com/redirect.mp3/http://podcasts.rtp.pt/nas2.share/wavrss/at3/1804/5232531_261778-1804240922.mp3
http://dts.podtrac.com/redirect.mp3/http://podcasts.rtp.pt/nas2.share/wavrss/at3/1804/5237930_262034-1804270925.mp3
http://dts.podtrac.com/redirect.mp3/http://podcasts.rtp.pt/nas2.share/wavrss/at3/1804/5240932_262289-1804300927.mp3
http://dts.podtrac.com/redirect.mp3/http://podcasts.rtp.pt/nas2.share/wavrss/at3/1805/5243725_262441-1805020910.mp3
http://dts.podtrac.com/redirect.mp3/http://podcasts.rtp.pt/nas2.share/wavrss/at3/1805/5246018_262562-1805030913.mp3
http://dts.podtrac.com/redirect.mp3/http://podcasts.rtp.pt/nas2.share/wavrss/at3/1805/5248549_262664-1805040925.mp3
http://dts.podtrac.com/redirect.mp3/http://podcasts.rtp.pt/nas2.share/wavrss/at3/1805/5251598_262841-1805070948.mp3
http://dts.podtrac.com/redirect.mp3/http://podcasts.rtp.pt/nas2.share/wavrss/at3/1805/5253480_262971-1805080923.mp3
http://dts.podtrac.com/redirect.mp3/http://podcasts.rtp.pt/nas2.share/wavrss/at3/1805/5256571_263079-1805090909.mp3
http://dts.podtrac.com/redirect.mp3/http://podcasts.rtp.pt/nas2.share/wavrss/at3/1805/5258723_263175-1805100927.mp3
http://dts.podtrac.com/redirect.mp3/http://podcasts.rtp.pt/nas2.share/wavrss/at3/1805/5261477_263291-1805110909.mp3
http://dts.podtrac.com/redirect.mp3/http://podcasts.rtp.pt/nas2.share/wavrss/at3/1805/5264994_263444-1805140915.mp3
http://dts.podtrac.com/redirect.mp3/http://podcasts.rtp.pt/nas2.share/wavrss/at3/1805/5266861_263563-1805150919.mp3
http://dts.podtrac.com/redirect.mp3/http://podcasts.rtp.pt/nas2.share/wavrss/at3/1805/5269211_263687-1805160922.mp3
http://dts.podtrac.com/redirect.mp3/http://podcasts.rtp.pt/nas2.share/wavrss/at3/1805/5271459_263769-1805171008.mp3
http://dts.podtrac.com/redirect.mp3/http://podcasts.rtp.pt/nas2.share/wavrss/at3/1805/5273661_263883-1805180927.mp3
http://dts.podtrac.com/redirect.mp3/http://podcasts.rtp.pt/nas2.share/wavrss/at3/1805/5276526_264061-1805210920.mp3
http://dts.podtrac.com/redirect.mp3/http://podcasts.rtp.pt/nas2.share/wavrss/at3/1805/5283495_264407-1805240914.mp3
http://dts.podtrac.com/redirect.mp3/http://podcasts.rtp.pt/nas2.share/wavrss/at3/1805/5285738_264502-1805250924.mp3
http://dts.podtrac.com/redirect.mp3/http://podcasts.rtp.pt/nas2.share/wavrss/at3/1805/5288718_264684-1805280917.mp3
http://dts.podtrac.com/redirect.mp3/http://podcasts.rtp.pt/nas2.share/wavrss/at3/1805/5290667_264828-1805290922.mp3
http://feedproxy.google.com/~r/mixordiadetematicas/~5/01LnOMu-81g/LTSGDT3W-G4M6-HCKS-219K-PGBUHPTMKORN.mp3
http://feedproxy.google.com/~r/mixordiadetematicas/~5/0waZpyu4adk/GWK1VGQC-B7DR-BFCE-X415-KJ3G0CH3Y6BV.mp3
http://feedproxy.google.com/~r/mixordiadetematicas/~5/1qvVfqofhZY/9QEIMY3Q-4287-496U-PYVM-CDXWQUTHD3V6.mp3
http://feedproxy.google.com/~r/mixordiadetematicas/~5/21Ypgv5U1fQ/ITKQPB52-D5EG-DCC2-Z11U-MG35T7VSYPZ4.mp3
http://feedproxy.google.com/~r/mixordiadetematicas/~5/3_Ky7pq1n9U/D3AZLPSU-8E4P-8L3B-TBR3-GPTDQLJKIC1V.mp3
http://feedproxy.google.com/~r/mixordiadetematicas/~5/3nLqfTjnfcM/LG0AFZJQ-GSTZ-GZSM-1PHE-O3JOKVAGCG1R.mp3
http://feedproxy.google.com/~r/mixordiadetematicas/~5/3WytLuKCmAU/15M90U59-XHGY-XOFL-IE3D-5S5N5QWZQD1N.mp3
http://feedproxy.google.com/~r/mixordiadetematicas/~5/48nl0aK1oWM/LX3NFRWJ-H8XC-HFWZ-25KR-PJM1KNNA7UVG.mp3
http://feedproxy.google.com/~r/mixordiadetematicas/~5/5KpOF5Pegm4/8MDS9JM1-3X6H-3554-OUUW-B9W6EGDRQAEB.mp3
http://feedproxy.google.com/~r/mixordiadetematicas/~5/5rm6uAQR0Yc/UHO3HEMD-FECI-P0HG-AP57-X47ILBD4RZ24.mp3
http://feedproxy.google.com/~r/mixordiadetematicas/~5/6f5QDIK_tGc/CH2YYPFX-8SVO-8ZUB-TPI2-G3KD3L5NBT3H.mp3
http://feedproxy.google.com/~r/mixordiadetematicas/~5/6nqBHtEy5Mo/M3UOLJT3-IENE-ILM0-3BBS-QQD2PFJUTBQ3.mp3
http://feedproxy.google.com/~r/mixordiadetematicas/~5/6wNG6qFgFbg/0OSJQUME-V0M9-W7LW-HX9N-4BBYVQD4NIUI.mp3
http://feedproxy.google.com/~r/mixordiadetematicas/~5/7Tsu0eOEnOk/OLGHA0HP-JW97-J48T-4TXL-S8ZVFX7G31M1.mp3
http://feedproxy.google.com/~r/mixordiadetematicas/~5/7Y7h7CYT3KU/SEIVICQ6-NQBK-OXA7-9MZZ-W119M8HXRQL5.mp3
http://feedproxy.google.com/~r/mixordiadetematicas/~5/95dueHZtd0Q/WLDXDH17-RX6N-R45A-DUU1-08VCIDSX2T9A.mp3
http://feedproxy.google.com/~r/mixordiadetematicas/~5/965hZMmlnKY/63X6TRF8-1ERV-2LQI-NBEA-APGKXO6YEP46.mp3
http://feedproxy.google.com/~r/mixordiadetematicas/~5/98Os58w_w2I/26EJGLR0-XI79-XP6V-JEVN-6TXXKHHRQFQ3.mp3
http://feedproxy.google.com/~r/mixordiadetematicas/~5/9MeLYq3wJzY/MXV219D2-H8OS-IFNF-35C6-QKDH654STLWJ.mp3
http://feedproxy.google.com/~r/mixordiadetematicas/~5/AfqoW5gLrLY/QDAIHOVB-LO48-MV3U-7LRM-UZTWLLM1SF5K.mp3
http://feedproxy.google.com/~r/mixordiadetematicas/~5/ax6Mi_udymg/V68H9CZU-G3VV-QP0T-BEPL-YTRVD8PKTMSX.mp3
http://feedproxy.google.com/~r/mixordiadetematicas/~5/BcxybROexLY/UD4ENI9K-QPY4-QWWR-BLLI-Y0NTSFZBVJNE.mp3
http://feedproxy.google.com/~r/mixordiadetematicas/~5/bIwfs89cgCc/VXI1HYAG-Q9BR-RGAD-C6Z5-ZK1FMU176RLV.mp3
http://feedproxy.google.com/~r/mixordiadetematicas/~5/BLwMLR476JA/50UGT1TL-0BN6-0IMT-L8BL-8MDVYXKBPIBM.mp3
http://feedproxy.google.com/~r/mixordiadetematicas/~5/BO04iCKJGJo/6K4PX3DP-1WXF-13W2-MSKT-97M42Z4GX19B.mp3
http://feedproxy.google.com/~r/mixordiadetematicas/~5/c6pmH1NgBgw/CLFO9FG5-7W8E-8371-TTWS-G8Y3DB7VM06Z.mp3
http://feedproxy.google.com/~r/mixordiadetematicas/~5/coaUp7dAZ5k/L34U1A4F-GFYK-GMX6-2CLY-PQN866U511DP.mp3
http://feedproxy.google.com/~r/mixordiadetematicas/~5/Cxba-YR1m9A/60BFP0X5-1C55-2J4R-N8SJ-ANUUUWOVAWQS.mp3
http://feedproxy.google.com/~r/mixordiadetematicas/~5/dC8idwna9BI/OIWN7257-AEJ2-K0O0-5QDR-S4F2BYWYWMWC.mp3
http://feedproxy.google.com/~r/mixordiadetematicas/~5/DgUjfU27J7c/Q0AOLKK6-CXX2-MJ20-78RS-UNT2PHBXFQHR.mp3
http://feedproxy.google.com/~r/mixordiadetematicas/~5/dmz4GX5AMf0/MLWSA6KM-8IJ7-I4O5-3TDX-Q8F7F3BDP5KH.mp3
http://feedproxy.google.com/~r/mixordiadetematicas/~5/DVkzmKmuEDM/VQRGQQC9-R1K5-R8JS-CY8K-ZDAUVM20ZN16.mp3
http://feedproxy.google.com/~r/mixordiadetematicas/~5/Dy4ykKYHmXE/N2QK7P2T-JDJA-JLIW-4A7O-RP9ZCMTKX0FL.mp3
http://feedproxy.google.com/~r/mixordiadetematicas/~5/e1DMJ65cqXk/ILWVYNWF-4IJ9-E3O7-ZTDZ-M8F92KN6VT3G.mp3
http://feedproxy.google.com/~r/mixordiadetematicas/~5/EdNyCmnEHGQ/PECT8EWO-KQ5J-KX46-5NTX-T1V8CANEFH50.mp3
http://feedproxy.google.com/~r/mixordiadetematicas/~5/Eo1GgFJz4nE/HJM1CQSC-CUGR-C1FD-XR35-L55FHNJ3EHA4.mp3
http://feedproxy.google.com/~r/mixordiadetematicas/~5/eODwgLpw0Wk/TDGLL3A3-PO9B-PV8Y-ALXP-XZY0QZ1UB39P.mp3
http://feedproxy.google.com/~r/mixordiadetematicas/~5/EXtF0uW7Njw/VLJSG668-QXDI-R4C5-CU0X-Z827L2WZM4KT.mp3
http://feedproxy.google.com/~r/mixordiadetematicas/~5/F7aXdVhaAX4/W0W5CRPR-RBPV-SJOH-D8C9-0NEJHNFIPVCC.mp3
http://feedproxy.google.com/~r/mixordiadetematicas/~5/Fjh3TjQ4inE/JLLNVWYU-FWFD-F3D0-0T2R-N8420SPLSL46.mp3
http://feedproxy.google.com/~r/mixordiadetematicas/~5/fOVtSvwaGLY/RJUJE0R2-NVO8-N2MV-8RBN-V6DXIWIT8VD1.mp3
http://feedproxy.google.com/~r/mixordiadetematicas/~5/FRpqvhon4HU/MQ1NXN1Q-8NO2-H9TZ-3YIR-QDK22JSHTGPT.mp3
http://feedproxy.google.com/~r/mixordiadetematicas/~5/fSivZTOSmXk/QJ26J75Z-MVVW-M2UJ-7SJA-U6LLO3WPETCX.mp3
http://feedproxy.google.com/~r/mixordiadetematicas/~5/GTOL-PvZGH8/SO0CVRZ1-DKOR-N6TP-8WHG-VAJRZNQSF0U1.mp3
http://feedproxy.google.com/~r/mixordiadetematicas/~5/H1h8EugEEQ0/4469VGQ7-ZG0Z-0NZM-LCNE-8RPOZDGYSEF5.mp3
http://feedproxy.google.com/~r/mixordiadetematicas/~5/hBeC5P7I_bg/5G6INSWF-QCTW-0YYU-LONM-82PWRON5033V.mp3
http://feedproxy.google.com/~r/mixordiadetematicas/~5/Hf4SI6hkJII/SKK1R84Z-NVER-O2DD-9S15-W63FV4UQMAF4.mp3
http://feedproxy.google.com/~r/mixordiadetematicas/~5/hjkbqeszMs0/9A6ZUAZB-4LZO-4SYB-PIN3-CXPDZ6Q2SDFC.mp3
http://feedproxy.google.com/~r/mixordiadetematicas/~5/hriZXmWE64c/8H2OJX4U-3TWE-30V0-OQJS-C4L2NTVKIEX6.mp3
http://feedproxy.google.com/~r/mixordiadetematicas/~5/hyUqW2qNM9w/TQB1ZSQE-O15R-P84E-AYS5-XCUG4OG5MJYQ.mp3
http://feedproxy.google.com/~r/mixordiadetematicas/~5/iuCIBYfEc60/JXLN2Y2S-E9ED-FGDZ-052R-NK416USIDNGM.mp3
http://feedproxy.google.com/~r/mixordiadetematicas/~5/JfDdXStJ4-s/KWNGMA1U-F8G6-FFFT-054K-NJ6VQ7SK834N.mp3
http://feedproxy.google.com/~r/mixordiadetematicas/~5/JMR1aLGTzZI/CKRZFJ3A-7VKP-72JC-SS84-F6AEKGU022TY.mp3
http://feedproxy.google.com/~r/mixordiadetematicas/~5/jmwfmnked0w/97F12EGI-4J9R-5Q8E-QFW5-DUYG6A78E11U.mp3
http://feedproxy.google.com/~r/mixordiadetematicas/~5/jV7cw_rgTJ8/KN7I872J-FY18-F50U-0VOM-O9QWC3S9WVI6.mp3
http://feedproxy.google.com/~r/mixordiadetematicas/~5/k1bS2BeXvJU/860XNZM4-3HTN-3PS9-OEH1-BTJBRWDV9BMP.mp3
http://feedproxy.google.com/~r/mixordiadetematicas/~5/_kj8oHuHzRQ/2ZMX8J2M-XBFM-XIE9-I831-5M4BCFSDBH7Q.mp3
http://feedproxy.google.com/~r/mixordiadetematicas/~5/l4KndErjhnA/S54EMRA8-D2RT-NOXR-8DLJ-WSNTQN1ZIROG.mp3
http://feedproxy.google.com/~r/mixordiadetematicas/~5/l9zJM-8oXhc/KJQ92CNT-FVJZ-F2IL-1R7D-O69O78EJW938.mp3
http://feedproxy.google.com/~r/mixordiadetematicas/~5/LFJi5FZpoA4/4JVK1UVW-PFIY-Z1NW-KRCO-75EY6RLNDK5D.mp3
http://feedproxy.google.com/~r/mixordiadetematicas/~5/lMxMuvu_vX8/JEUW9LFP-5BHA-EXM8-0MB0-N1DADI6GFZXT.mp3
http://feedproxy.google.com/~r/mixordiadetematicas/~5/m2wQdSrGSd0/0CW1Y46R-VOPR-VVOD-HKD5-4ZFF20WHI1UT.mp3
http://feedproxy.google.com/~r/mixordiadetematicas/~5/mGEe10C44Tc/POLPLB0R-K0FE-K7E1-6X2T-TB43Q8RIU13B.mp3
http://feedproxy.google.com/~r/mixordiadetematicas/~5/mQNHYlOKe24/DINU89SQ-8UHJ-81G6-TR4Y-G568C5JH0BTH.mp3
http://feedproxy.google.com/~r/mixordiadetematicas/~5/muTIvHrzR9U/RKUCIX74-CHHR-M3MP-8SBH-V7DRMUXV3EPE.mp3
http://feedproxy.google.com/~r/mixordiadetematicas/~5/MvNRgC9TayM/CFECH4DI-7Q82-8X6P-TNVG-G1XRL03974D2.mp3
http://feedproxy.google.com/~r/mixordiadetematicas/~5/na2Zv2Hq984/9S26MR1J-VOPK-4AUI-Q0JA-DELKROS9YH97.mp3
http://feedproxy.google.com/~r/mixordiadetematicas/~5/NBAvbmSzVMI/R6457GTW-D3RK-MPWI-8FLA-VTNKCCKMWKC5.mp3
http://feedproxy.google.com/~r/mixordiadetematicas/~5/NzDZxdGl3og/XQB09JOQ-S15P-T94C-EYS4-1DUEEGFH23SR.mp3
http://feedproxy.google.com/~r/mixordiadetematicas/~5/O4i-mCvF7u4/IDBD7LTG-3AYR-DV3P-ZLSH-M0URCIK6MD6X.mp3
http://feedproxy.google.com/~r/mixordiadetematicas/~5/pXNjOaETcO8/A6EF2VDJ-5I85-5P6R-QFVJ-DTXT7S49ZB13.mp3
http://feedproxy.google.com/~r/mixordiadetematicas/~5/QZOwOy5r56Q/ATGGDN0S-6596-6C8T-R1XL-EGZVIJRJM3PB.mp3
http://feedproxy.google.com/~r/mixordiadetematicas/~5/s7vWxTtuu-8/GN0MGPYT-BZTC-C6SZ-XVGQ-KAI1LLOK3Z2Z.mp3
http://feedproxy.google.com/~r/mixordiadetematicas/~5/SgNzBhBEBk0/3LLKHAD2-YXF9-Z4EW-KT2O-784YL63TWW7U.mp3
http://feedproxy.google.com/~r/mixordiadetematicas/~5/So9CNhueTQU/SBZP467V-NNTE-OUS1-9JGT-WYI383XMKR67.mp3
http://feedproxy.google.com/~r/mixordiadetematicas/~5/sOKc6Zpxpbs/4IY288WA-ZUSS-Z1QE-KRF6-75HGC4N0SPH4.mp3
http://feedproxy.google.com/~r/mixordiadetematicas/~5/-tAXjZrIj48/P92MST8X-KLWB-LSVY-6IJQ-TWL0XPZOTPCW.mp3
http://feedproxy.google.com/~r/mixordiadetematicas/~5/TjJ6zSYk9bI/XILDOU59-STF2-T1EP-EQ2H-154RTQW0OJK2.mp3
http://feedproxy.google.com/~r/mixordiadetematicas/~5/TvG86uweecc/Y6DS4AJU-UH6I-UO55-FEUW-2SW787ALP89P.mp3
http://feedproxy.google.com/~r/mixordiadetematicas/~5/UQU7H1b-K2M/LVKAHRG5-G7DZ-GECM-131E-OI3OLN7WK5S6.mp3
http://feedproxy.google.com/~r/mixordiadetematicas/~5/UuuUKjUor90/AUEGT2KQ-5686-5D6T-R2VK-EHXVYYBHZH1N.mp3
http://feedproxy.google.com/~r/mixordiadetematicas/~5/UVECcaGa5Fc/N7VD4VVQ-94IS-JQNQ-4GCI-RUES9RLHHJ8X.mp3
http://feedproxy.google.com/~r/mixordiadetematicas/~5/uX29GhcinNI/I7CMDDML-DI6B-DP5Y-YFTQ-LUV0IADCEAOQ.mp3
http://feedproxy.google.com/~r/mixordiadetematicas/~5/UZiGozw5kc8/B102J6BB-XYOH-6KTF-S9H6-FOJHO212XGLI.mp3
http://feedproxy.google.com/~r/mixordiadetematicas/~5/Vp7KAMdVc8Q/RWW2SV2K-M7PS-MFOE-74D6-UJFGXRTBHZP7.mp3
http://feedproxy.google.com/~r/mixordiadetematicas/~5/VR0M-W5HDds/MFSYGSIL-IRLO-IYKB-3N92-Q2ADKO8BKEF5.mp3
http://feedproxy.google.com/~r/mixordiadetematicas/~5/w51An-IaKs4/NC6CLKL4-IN01-IVYO-4KNG-RZPQQGCUH30F.mp3
http://feedproxy.google.com/~r/mixordiadetematicas/~5/W7a5UEYdRSA/8RG3O7VK-329T-398F-PZW7-CEYHT3MB7KJW.mp3
http://feedproxy.google.com/~r/mixordiadetematicas/~5/Wc-OhJCc4fM/1R5RAM69-W2ZH-WAX3-IZMV-5EO5EIWZJIYY.mp3
http://feedproxy.google.com/~r/mixordiadetematicas/~5/w_MhLZbmoX8/V9O3QXZG-QLHS-QSGF-BI47-YW6HVUP6498H.mp3
http://feedproxy.google.com/~r/mixordiadetematicas/~5/WMm7bNyiZ-Q/CCTDJMU5-7ON3-8VMP-TLAH-GZCRNIKW5PA3.mp3
http://feedproxy.google.com/~r/mixordiadetematicas/~5/WQWi1m7Kd34/HE98H8HN-3BXM-CX2K-YNQC-L1SMM58DD27L.mp3
http://feedproxy.google.com/~r/mixordiadetematicas/~5/wwDvCwafWMo/UJ5PIL22-PVZF-Q2Y2-BRMT-Y6O4NHSSP85C.mp3
http://feedproxy.google.com/~r/mixordiadetematicas/~5/X6Z_E_CYnII/D41CT590-8FU2-9MTP-UCIG-HQKRX1ZRB2RA.mp3
http://feedproxy.google.com/~r/mixordiadetematicas/~5/xtJ5v4DXHRc/JYOZC9J7-E9HO-EGGB-Z653-ML7DH59XNB4Q.mp3
http://feedproxy.google.com/~r/mixordiadetematicas/~5/yQ9tbQ1SkYE/B72BKSJJ-X3QQ-6PVO-SFJG-FTLQPOA9KPFG.mp3
http://feedproxy.google.com/~r/mixordiadetematicas/~5/yvQYFpzVrPk/ZSL0YHYP-KO8E-UADC-G024-3E4E2DPFQC8Q.mp3
http://feedproxy.google.com/~r/mixordiadetematicas/~5/Z8Nexbfjbts/PQCQMR47-K26G-K952-5ZTU-SDV4RNVX8VHG.mp3
http://feedproxy.google.com/~r/mixordiadetematicas/~5/zfCoKS3HqC4/XY2GU0R6-SAW6-SHVS-D6JK-0LLUYWIXNIZT.mp3
http://feedproxy.google.com/~r/rc-homemquemordeuocao/~5/072tSYsB67M/CEQNN80N-7PJD-7WI0-SM7S-F092S4QEN5Z1.mp3
http://feedproxy.google.com/~r/rc-homemquemordeuocao/~5/0cBwVgTrZeI/F4LR8YFL-AGFG-ANE3-VC2V-IR45DU6C6KT8.mp3
http://feedproxy.google.com/~r/rc-homemquemordeuocao/~5/0feGBGCjJFE/PR7GMCSZ-K216-KAZS-6ZOK-TEQUQ8JQI2UO.mp3
http://feedproxy.google.com/~r/rc-homemquemordeuocao/~5/0FIMtlzeghY/FMLG7TJ6-AXE6-A4DS-VU2K-I94UCP9XRUZV.mp3
http://feedproxy.google.com/~r/rc-homemquemordeuocao/~5/0iWIvwUzWKQ/SVPHYY05-N6I7-OEHU-936M-WI8W2UQWQBEZ.mp3
http://feedproxy.google.com/~r/rc-homemquemordeuocao/~5/0MBwlbhRQ_4/7JY0PXGJ-TGLE-32QC-ORF4-B6GETU799PA4.mp3
http://feedproxy.google.com/~r/rc-homemquemordeuocao/~5/0t0s0uLhD70/GIS3FODE-BUMT-C1LF-XQ97-K5BHKK45QXL9.mp3
http://feedproxy.google.com/~r/rc-homemquemordeuocao/~5/0wKLkCvYUBA/YD5B3TMM-TPY0-UWXN-FLMF-20OP7PDD4OSF.mp3
http://feedproxy.google.com/~r/rc-homemquemordeuocao/~5/0Zs4cKmh8TI/56RD2HU6-0HL3-0OKP-LE8H-8TAR6ELXUAIS.mp3
http://feedproxy.google.com/~r/rc-homemquemordeuocao/~5/143MqWk9_lQ/4QL7FMSG-Z2FX-Z9EK-KY2C-7D4MKIJ6POD1.mp3
http://feedproxy.google.com/~r/rc-homemquemordeuocao/~5/15lRqN34lpU/O7PLDH15-A3C0-KPHY-5F5P-ST70IDSWCIL2.mp3
http://feedproxy.google.com/~r/rc-homemquemordeuocao/~5/1CYi2zcfgyA/T6QLX54R-OHKB-OOJY-AE7P-XS9021VHYGER.mp3
http://feedproxy.google.com/~r/rc-homemquemordeuocao/~5/1gZnOHPE89g/C59NV300-7G3D-7N2Z-SDQR-FRS1ZZQRHW1W.mp3
http://feedproxy.google.com/~r/rc-homemquemordeuocao/~5/1HmpDmsB_lc/K0XUOHBI-FBRK-FIQ6-18EY-ONG8TD28OF82.mp3
http://feedproxy.google.com/~r/rc-homemquemordeuocao/~5/1H-yFQFNpjQ/EK1A93JT-9VUZ-A3TM-VSIE-I7KODZAJWAW8.mp3
http://feedproxy.google.com/~r/rc-homemquemordeuocao/~5/1JDJAi-P7ek/IV7E1DRQ-D704-DEZQ-Z4OI-MIQS59IG9UDH.mp3
http://feedproxy.google.com/~r/rc-homemquemordeuocao/~5/1QABCLbxchM/M9XPONA5-HKQF-ISP2-3HET-QWG4TJ1W268D.mp3
http://feedproxy.google.com/~r/rc-homemquemordeuocao/~5/1Ugqg9sBFqA/ZMCTBYP1-VY5I-V545-GVTX-39V7GUFS24FM.mp3
http://feedproxy.google.com/~r/rc-homemquemordeuocao/~5/1VHgjWgN1ug/ZXQSRGUJ-KUE7-UFJ5-G57W-3K97VCLAN8P3.mp3
http://feedproxy.google.com/~r/rc-homemquemordeuocao/~5/1Vi4vg6pcQw/593PA7KK-1KWE-1SV1-MHKT-9WM3E3AB35Y7.mp3
http://feedproxy.google.com/~r/rc-homemquemordeuocao/~5/2ahn4O55WQw/JYCSFOHO-FA6H-FH54-06TW-NLV6JL8E7RIF.mp3
http://feedproxy.google.com/~r/rc-homemquemordeuocao/~5/2C1eERaBjXY/BLO2NOIM-6WIS-64HE-ST56-F87GRK9D7459.mp3
http://feedproxy.google.com/~r/rc-homemquemordeuocao/~5/2nDODJ0fXF0/PWAQ4RRE-K74G-LE33-64RV-TJT58NI5D4N9.mp3
http://feedproxy.google.com/~r/rc-homemquemordeuocao/~5/2VBhsSFUrQE/MNL6Q4ZT-HYFW-I5EI-3V2A-Q94KV0QJTTM8.mp3
http://feedproxy.google.com/~r/rc-homemquemordeuocao/~5/2zUrIoBRfEA/ZADKB6KT-UM7A-VT6X-GIUO-3XWZF2BKIGFK.mp3
http://feedproxy.google.com/~r/rc-homemquemordeuocao/~5/33KwNT8ycZA/ILXL6PK0-4IL0-D3QY-ZTEP-M8G0ALBRBZ2U.mp3
http://feedproxy.google.com/~r/rc-homemquemordeuocao/~5/36i7FQKdepE/33L3C5AS-YFET-ZMDF-KB27-7Q4HH11IA8PU.mp3
http://feedproxy.google.com/~r/rc-homemquemordeuocao/~5/_3ihUrhmmJA/R58QSVVL-MH2F-NO02-8DPU-VSR4XSMC5RZK.mp3
http://feedproxy.google.com/~r/rc-homemquemordeuocao/~5/3Nz7-jFUYGE/7HESWQWV-SE26-2074-NPVW-A4X61MNM7PJI.mp3
http://feedproxy.google.com/~r/rc-homemquemordeuocao/~5/-3QHE_UAtp8/WN5T0OBV-HKS8-R6X6-CVLY-ZAN84K2LJZZG.mp3
http://feedproxy.google.com/~r/rc-homemquemordeuocao/~5/3_RvgCDeZKg/9VJEVE64-US7S-4ECQ-Q30I-DI2SZAXUCWC6.mp3
http://feedproxy.google.com/~r/rc-homemquemordeuocao/~5/3v3fFBI2VFg/ME0RGJ3C-8BO6-IXT4-3MHV-Q1J6KFU3LAPC.mp3
http://feedproxy.google.com/~r/rc-homemquemordeuocao/~5/3XSBXmogKgY/E5LJRV8D-9HE8-9ODV-UE2N-HS4XVSZ45LTX.mp3
http://feedproxy.google.com/~r/rc-homemquemordeuocao/~5/40Y_Ivs9A7g/XAWH8FKI-SMQ6-TTPT-EIDL-1XFVDBB9BDOR.mp3
http://feedproxy.google.com/~r/rc-homemquemordeuocao/~5/4aFpic459IQ/TCMTS121-ONFJ-PUE6-AK2X-XZ48WXSSVH8I.mp3
http://feedproxy.google.com/~r/rc-homemquemordeuocao/~5/4_cljnHO-wc/H6JKWJY6-336Z-DPBX-YF0O-LT2Z1FPXZIZX.mp3
http://feedproxy.google.com/~r/rc-homemquemordeuocao/~5/4jfXxHb4ujs/6K07RPCC-SHOM-13TK-NTHC-A7JMVL22IWYK.mp3
http://feedproxy.google.com/~r/rc-homemquemordeuocao/~5/4L4obpHnpIA/MJ7IAVJV-IU17-I10U-3ROM-Q5QWFR9LP26P.mp3
http://feedproxy.google.com/~r/rc-homemquemordeuocao/~5/4wWHU9SCp84/ZRL0RJDS-U3FQ-UAEC-G024-3E4EVF3IOW8Q.mp3
http://feedproxy.google.com/~r/rc-homemquemordeuocao/~5/5cGZmw0SVzQ/ZQRD390G-U1L3-V9KP-GY8H-3DAR75R7TZI6.mp3
http://feedproxy.google.com/~r/rc-homemquemordeuocao/~5/5CuQed_7_x4/TQ7J4NCX-O218-P90V-AZON-XDQX9J3NY4NB.mp3
http://feedproxy.google.com/~r/rc-homemquemordeuocao/~5/5KS_MRvDKC4/TIIR2X9U-FF56-P1A3-ARZV-X5166T0K843N.mp3
http://feedproxy.google.com/~r/rc-homemquemordeuocao/~5/5lAZNUvxkdo/JI56VBIU-FTYV-F0XI-0QMA-N4OK079LUD1L.mp3
http://feedproxy.google.com/~r/rc-homemquemordeuocao/~5/5pfKkOf-HZA/ESSIW1V3-94M8-9BLV-U19M-HFBX1YMU4BSN.mp3
http://feedproxy.google.com/~r/rc-homemquemordeuocao/~5/5SedUBRn9SQ/NIAAXY8R-IT30-I02M-3QRE-Q5TP1UYIYAIQ.mp3
http://feedproxy.google.com/~r/rc-homemquemordeuocao/~5/5wUAMynk8zg/JZ5M0GL5-FBZC-FIYZ-08MQ-NMO14CCVG1JL.mp3
http://feedproxy.google.com/~r/rc-homemquemordeuocao/~5/5XQBFH0ZCMk/5R0I17PR-RONX-1ASV-M0HM-9EJX63GIPYST.mp3
http://feedproxy.google.com/~r/rc-homemquemordeuocao/~5/5xtkmlCD6QA/UE1PGWR7-GAP4-QWU2-BMIT-Y0K4LSHXO9C0.mp3
http://feedproxy.google.com/~r/rc-homemquemordeuocao/~5/5xvTpHkVm0Q/V7ZO6UO7-QJTE-QQS1-CFGT-ZUI3BQEYDYUQ.mp3
http://feedproxy.google.com/~r/rc-homemquemordeuocao/~5/6-9w9hyh974/QQ6W52ME-BNTB-L8Y9-6YN1-TDPB9YD5J2IL.mp3
http://feedproxy.google.com/~r/rc-homemquemordeuocao/~5/6aB_4Ll8yd4/4IWH37EK-ZTQ7-Z1PU-LQDM-85FW735BKG5D.mp3
http://feedproxy.google.com/~r/rc-homemquemordeuocao/~5/6-rIXP3FbzI/Q4LS49HG-MGFI-MND4-7C2W-UR469686M7XW.mp3
http://feedproxy.google.com/~r/rc-homemquemordeuocao/~5/6xiS13B2SKA/OJPLCLJ5-KUIB-K1HY-5R6P-S570HI9WW5XI.mp3
http://feedproxy.google.com/~r/rc-homemquemordeuocao/~5/7EHOMIUrUbc/0XI0FHLW-LU6E-VGBC-G5Z4-3K1EKDBNVLEJ.mp3
http://feedproxy.google.com/~r/rc-homemquemordeuocao/~5/7FMqlr1CpzQ/VPWPR5OH-Q1QF-R8P2-CXDU-ZCF4V1E7PGOZ.mp3
http://feedproxy.google.com/~r/rc-homemquemordeuocao/~5/7xuA28XXSNo/GADQK9RV-BL6G-BT52-WIUU-JXW4O5HMLL0V.mp3
http://feedproxy.google.com/~r/rc-homemquemordeuocao/~5/84v322rZHIk/NLKOZ5IG-IXED-J4D0-4T1S-R8324186ELM5.mp3
http://feedproxy.google.com/~r/rc-homemquemordeuocao/~5/8cCjb67s8bw/313RVZKL-YCWH-YJV3-K9KV-7NL60VBBWDM8.mp3
http://feedproxy.google.com/~r/rc-homemquemordeuocao/~5/8Dq3AfkONQ4/EHIZP54R-9TCO-90BB-VQZ3-I41DT1UH3M6M.mp3
http://feedproxy.google.com/~r/rc-homemquemordeuocao/~5/8JiCHBQhY7E/LY2HS5AL-GAV6-GHUT-16JL-OLLVX21CDBJ4.mp3
http://feedproxy.google.com/~r/rc-homemquemordeuocao/~5/8r89XmbS-wY/74HHXABC-2FB7-2NAT-OCYL-BR0V1612UYJF.mp3
http://feedproxy.google.com/~r/rc-homemquemordeuocao/~5/8TzPHpwT2d0/BD10OT72-6OVQ-7VUD-SLI5-FZKFTQYSBN9Z.mp3
http://feedproxy.google.com/~r/rc-homemquemordeuocao/~5/9AIcK1vLdC0/OLACGD08-KX42-K43O-5TRG-S8TQK9RZZXBV.mp3
http://feedproxy.google.com/~r/rc-homemquemordeuocao/~5/9fTJ8AO0tsU/49FJ4JZ7-ZL99-ZS7V-KHWN-7WYX9FPYKMW8.mp3
http://feedproxy.google.com/~r/rc-homemquemordeuocao/~5/9RXmXlTX_qY/ORDCT7T3-9O0Q-JA5O-50UG-SEWQX3KUO0H6.mp3
http://feedproxy.google.com/~r/rc-homemquemordeuocao/~5/9UYfy8men9A/NFS3MKEB-IQLT-IXKG-3N97-R1BIQG4254RS.mp3
http://feedproxy.google.com/~r/rc-homemquemordeuocao/~5/9wtC-SLbRy8/G4CC1NY1-11ZR-BN4P-WCTH-JRVR6KPSMWUY.mp3
http://feedproxy.google.com/~r/rc-homemquemordeuocao/~5/a7WFZVtUFoU/EHO3MKA3-9THS-90GF-UP57-H47HRG0TMI5S.mp3
http://feedproxy.google.com/~r/rc-homemquemordeuocao/~5/AaUJQndVHHo/65O57OKA-R2CJ-1NHH-MD59-9S7JBKB1NJUB.mp3
http://feedproxy.google.com/~r/rc-homemquemordeuocao/~5/AAuUO44UT08/NWP39M3G-I8JT-JFHG-4567-RJ8IEJU7WE91.mp3
http://feedproxy.google.com/~r/rc-homemquemordeuocao/~5/aCMNoNabhEE/21B9Y5SM-XD4Y-XK3L-IASD-5OTN22JCVDXH.mp3
http://feedproxy.google.com/~r/rc-homemquemordeuocao/~5/AcyEG_5XeD0/JBHXDMB7-EMAN-ET99-ZJY1-MX0BHI2YH5H0.mp3
http://feedproxy.google.com/~r/rc-homemquemordeuocao/~5/afJzs7Bw8BQ/ZV2ATN2M-U6W0-UDVM-G3JE-3ILOYJTD9RZO.mp3
http://feedproxy.google.com/~r/rc-homemquemordeuocao/~5/aienPV9K-6E/DDJV3SS0-YA79-8WC7-TL0Z-G0297OIQKKC6.mp3
http://feedproxy.google.com/~r/rc-homemquemordeuocao/~5/ajF6PhrHwWs/YCGN76KW-TNAD-TV9Z-EKXR-1ZZ1B2BM6XRD.mp3
http://feedproxy.google.com/~r/rc-homemquemordeuocao/~5/apPLrT0NIZQ/CBYTM2C9-7NSJ-8UR5-TJFX-GYH7RY3Z1GLI.mp3
http://feedproxy.google.com/~r/rc-homemquemordeuocao/~5/Ar9uyy0Os_A/GIY7D3JQ-BTSX-B1QJ-XQFB-K5HLHZAH9TLF.mp3
http://feedproxy.google.com/~r/rc-homemquemordeuocao/~5/asvFTJemkHo/V4IBV7DQ-QGB0-QNAN-BDZF-YR1PZ34HSM34.mp3
http://feedproxy.google.com/~r/rc-homemquemordeuocao/~5/aUbI64dsiqo/RQQE5N2H-M2K4-N9JQ-8Z7I-VD9S9JT75TKI.mp3
http://feedproxy.google.com/~r/rc-homemquemordeuocao/~5/AwMusiUwhTE/9GXS2K5Q-4SRI-5ZQ4-QOEW-D3G67HVG0HYC.mp3
http://feedproxy.google.com/~r/rc-homemquemordeuocao/~5/aZAV2WVEdbY/97KB2TSP-4IE1-4PDN-QF1F-DT3Q7PJG4UOM.mp3
http://feedproxy.google.com/~r/rc-homemquemordeuocao/~5/AZxgzP1j9x4/UGVBJ6H9-PRO0-PYNN-AOCF-Y2EPN28ZOOPX.mp3
http://feedproxy.google.com/~r/rc-homemquemordeuocao/~5/B5avBOLGuTA/ZQT0RIFK-LNHE-U9MC-GYA4-3DCEVF5AIYIL.mp3
http://feedproxy.google.com/~r/rc-homemquemordeuocao/~5/B6LKxaq2LrE/QRTSAF46-L3MH-MAL4-7ZAW-UEC6FCUWLXWM.mp3
http://feedproxy.google.com/~r/rc-homemquemordeuocao/~5/b828h3GFt70/XHT42L4R-STNU-S0MG-DQA8-04CI7HVIUYJL.mp3
http://feedproxy.google.com/~r/rc-homemquemordeuocao/~5/B93OfmcM5xY/GH4LM1HJ-BSXB-CZWX-XPLP-K3NZRX8AZ48V.mp3
http://feedproxy.google.com/~r/rc-homemquemordeuocao/~5/BCGlxTXdANk/JZHS0SCJ-EABI-EHA5-Z7YX-MM075P39ADTW.mp3
http://feedproxy.google.com/~r/rc-homemquemordeuocao/~5/bDv8Om41MyM/94XURZM2-4FRK-5NP7-QCEY-DRG9VWDSLUAV.mp3
http://feedproxy.google.com/~r/rc-homemquemordeuocao/~5/bECSJDu-JgY/DPFNGJY5-909D-987Z-UXWR-HCY1LGPV8ECH.mp3
http://feedproxy.google.com/~r/rc-homemquemordeuocao/~5/behLDaJrk6E/OG692DEW-ADTN-JZYL-5PND-S3PN7A5NJPUX.mp3
http://feedproxy.google.com/~r/rc-homemquemordeuocao/~5/bf9UrFMrhkE/NU3D6VLE-I5X2-JDWP-42KH-RHMRARC4TLVO.mp3
http://feedproxy.google.com/~r/rc-homemquemordeuocao/~5/bHxnC2sUKTs/21B81XIH-XD4X-XK3K-I9SC-5OUM5T8795LH.mp3
http://feedproxy.google.com/~r/rc-homemquemordeuocao/~5/bIZVwP0mMFg/GDRNETP6-BOLD-CVKZ-XL8R-K0A1JQFXBJSP.mp3
http://feedproxy.google.com/~r/rc-homemquemordeuocao/~5/bJ0IrL1TRWc/YMPKFK8A-TYJA-T5IW-FV6O-298YJGZ0RXDO.mp3
http://feedproxy.google.com/~r/rc-homemquemordeuocao/~5/BjCRkzERKYQ/RI3E1AC6-MUW4-N1VR-8QKI-V5LT563XFSC8.mp3
http://feedproxy.google.com/~r/rc-homemquemordeuocao/~5/Bkx4aoK73WU/LPHDQDGR-7M4R-H89P-2XYH-PC0RV97IYFNJ.mp3
http://feedproxy.google.com/~r/rc-homemquemordeuocao/~5/bn0hbbRmG1I/F5FQZIFT-AG8G-AN73-VDWU-JSY54E5J1K62.mp3
http://feedproxy.google.com/~r/rc-homemquemordeuocao/~5/BPmyrYCbM5A/TL633SNO-OW0S-O4YF-ATN7-X8PH8OEFIQTR.mp3
http://feedproxy.google.com/~r/rc-homemquemordeuocao/~5/BpNGdNSG7Ic/PUPLA7N3-ARDZ-KDIX-526P-SH8ZE3ET68XM.mp3
http://feedproxy.google.com/~r/rc-homemquemordeuocao/~5/BU3pG4YoMBg/3U48NZG0-Y5XY-ZDWL-K2LD-7HNNSW7RBXGD.mp3
http://feedproxy.google.com/~r/rc-homemquemordeuocao/~5/BVXk1ECmPn8/XLBCB79C-SW52-S33O-DTSG-08UQF4Z38CMK.mp3
http://feedproxy.google.com/~r/rc-homemquemordeuocao/~5/b-zlJ1JjEkU/T97139ZH-OK1R-PR0D-AHO5-XVQF75Q8Q8TB.mp3
http://feedproxy.google.com/~r/rc-homemquemordeuocao/~5/CagmXZ7ZyJc/CT1TZZM4-75VJ-7CT5-S2IX-GGK73VDUB639.mp3
http://feedproxy.google.com/~r/rc-homemquemordeuocao/~5/CAWZu6kXinw/CQG64RQN-729W-898J-TZWA-GDYL8NGD8UOK.mp3
http://feedproxy.google.com/~r/rc-homemquemordeuocao/~5/Ceb9JuZT8YY/GM7KVOEC-BY1A-B5ZX-XVOP-K9QZ0K432J16.mp3
http://feedproxy.google.com/~r/rc-homemquemordeuocao/~5/cGLYq9IOt2g/ZI55458V-UTYU-V0XH-GQM9-35OJ92ZM4DM9.mp3
http://feedproxy.google.com/~r/rc-homemquemordeuocao/~5/-cIdAPr-hxo/DDLNZDFX-8OED-8WD0-TL2S-G042396O5RZJ.mp3
http://feedproxy.google.com/~r/rc-homemquemordeuocao/~5/cipUXaGSi0c/FRTWH487-A2MM-A9L8-VZA0-IDCBL1ZXC8GL.mp3
http://feedproxy.google.com/~r/rc-homemquemordeuocao/~5/Cl9oOpSRk9c/PZOJXQP0-BWBY-LIGW-685N-TM7Y1MGR41FG.mp3
http://feedproxy.google.com/~r/rc-homemquemordeuocao/~5/cm500SdjG08/4REEDCUL-QO1S-0A6Q-LZVI-8EWSI8LCE9QI.mp3
http://feedproxy.google.com/~r/rc-homemquemordeuocao/~5/cNUWBsFQGHg/MP8QUN1V-H11F-H802-2YPU-QCR4YJRM4H0Y.mp3
http://feedproxy.google.com/~r/rc-homemquemordeuocao/~5/COxAuL-YfYE/CFM32SYY-XB9I-7XEG-SN37-F15I7POOEYBM.mp3
http://feedproxy.google.com/~r/rc-homemquemordeuocao/~5/Cq05so3US9g/WN279M7W-RZWX-R6VK-DVJC-0ALMEJXNG9B2.mp3
http://feedproxy.google.com/~r/rc-homemquemordeuocao/~5/cT38eFDun68/ZLN69S7L-UXGW-U4FJ-FU4B-286LEOXBBT1K.mp3
http://feedproxy.google.com/~r/rc-homemquemordeuocao/~5/ctuzAwwvLLY/ABF09IYI-6N9Q-6U8C-RJW4-EYYEEEP80F7B.mp3
http://feedproxy.google.com/~r/rc-homemquemordeuocao/~5/Cz_AaS-MbXU/9JJFXT16-4VC4-42BR-PR0J-C62T2PSX3SC1.mp3
http://feedproxy.google.com/~r/rc-homemquemordeuocao/~5/D84RPGZvgk0/TY3EWANB-O9X3-OGWQ-A6KI-XKMS06E1U1UT.mp3
http://feedproxy.google.com/~r/rc-homemquemordeuocao/~5/dEPUHEWANE8/R66VI87C-C3T9-MPY7-7ENZ-VTO9N5Y2QJ0J.mp3
http://feedproxy.google.com/~r/rc-homemquemordeuocao/~5/dIw7kDnUwis/GUXFGMDT-B5Q4-BDPR-X2EJ-KHGTLI4K899I.mp3
http://feedproxy.google.com/~r/rc-homemquemordeuocao/~5/djLKelrHyLk/YD70EM02-TO0Q-UWZC-FLN4-20PEJIRTYMGT.mp3
http://feedproxy.google.com/~r/rc-homemquemordeuocao/~5/dkliyFCtqXA/FWXS1TZG-A7RH-AFQ4-V4EW-IJG66PQ61RXX.mp3
http://feedproxy.google.com/~r/rc-homemquemordeuocao/~5/DM0Aa4TVQiU/LK73SJVM-GW1S-H30F-2TO7-P7QHXFMDWX6R.mp3
http://feedproxy.google.com/~r/rc-homemquemordeuocao/~5/DNo7reJ3Z-0/DNVBFSSW-8ZP1-86ON-TWCF-GAEPJOJM6XM7.mp3
http://feedproxy.google.com/~r/rc-homemquemordeuocao/~5/dO7Vsj68j0o/Z9MGYG5X-UKG5-VSES-GH3K-3W5U2CVOPCDR.mp3
http://feedproxy.google.com/~r/rc-homemquemordeuocao/~5/dPRj3rmagF0/LULA5JSA-7R8P-GDDN-232F-PH4PAFJ0UESU.mp3
http://feedproxy.google.com/~r/rc-homemquemordeuocao/~5/DPZ50pQHti4/W6Z4LELK-RHSU-RORH-DEG8-0SIJQACBRA6N.mp3
http://feedproxy.google.com/~r/rc-homemquemordeuocao/~5/Dr-T73C_1A8/9Y0QL1UB-4AUG-4HT2-P6HU-CLJ4PXL12QR3.mp3
http://feedproxy.google.com/~r/rc-homemquemordeuocao/~5/duQfqI-SVPA/MRVFRPAS-8OIU-IANR-3ZCJ-QEETWL0JA3Q0.mp3
http://feedproxy.google.com/~r/rc-homemquemordeuocao/~5/_DUuT7UREMQ/L6KI240F-GID8-HPCV-2E1M-PT3X61R6SEGX.mp3
http://feedproxy.google.com/~r/rc-homemquemordeuocao/~5/dVgViYlY3cg/PPEOJTLW-BM12-L860-6YVS-TCX2OPCNQHG5.mp3
http://feedproxy.google.com/~r/rc-homemquemordeuocao/~5/dWJyQB0PZvY/HR97NAKK-2OWM-C91J-XZQB-LESMS7BBY4J1.mp3
http://feedproxy.google.com/~r/rc-homemquemordeuocao/~5/dYIKcbHDxxk/CWMR08VC-YS96-Y08S-JPXK-64ZUJE5C6EQ7.mp3
http://feedproxy.google.com/~r/rc-homemquemordeuocao/~5/E057D-BBlGI/HSV4N5NL-C4OU-DBNG-Y1C8-LFEIR1EC7EL2.mp3
http://feedproxy.google.com/~r/rc-homemquemordeuocao/~5/E27GONkhpEo/2ZKC3IJX-XAD2-YICO-J71G-6M3R7EAO28VZ.mp3
http://feedproxy.google.com/~r/rc-homemquemordeuocao/~5/E37JT7WrLsE/LA3BFSNQ-GLX0-GTWN-1IKF-OXMPKOEGE1VM.mp3
http://feedproxy.google.com/~r/rc-homemquemordeuocao/~5/E655lWX4g2U/DWBC462N-8852-8F4P-T5SG-GJUR92TEYFVC.mp3
http://feedproxy.google.com/~r/rc-homemquemordeuocao/~5/EbtzkUXtXv4/GFECO4MZ-BQ71-CY6O-XNVG-K2XQS0CQ7WI3.mp3
http://feedproxy.google.com/~r/rc-homemquemordeuocao/~5/ecdoJgcJePc/QZOPWKZU-LAIE-LHH1-775T-UL730GQKPAR3.mp3
http://feedproxy.google.com/~r/rc-homemquemordeuocao/~5/EG_UCiRs1kU/FMJP2JKG-AXDE-A4C1-WU0T-J8236GB7QFNH.mp3
http://feedproxy.google.com/~r/rc-homemquemordeuocao/~5/ejJQQxw4KA4/89C56R6Z-4K6U-4R5H-PHT9-CVVJBNXQ5BP5.mp3
http://feedproxy.google.com/~r/rc-homemquemordeuocao/~5/EjZMt_TQcik/AX10WLMS-58UQ-5GTC-0KOF-NYQQM7T9V2JF.mp3
http://feedproxy.google.com/~r/rc-homemquemordeuocao/~5/ENOQXsCCxUc/CFBSRIFR-7R4H-8Y34-TNSW-G2T6WE5HB9DO.mp3
http://feedproxy.google.com/~r/rc-homemquemordeuocao/~5/EplNwr_h240/S9GB8YGC-NLA0-NS9N-8IXF-VWZPDU73BUSY.mp3
http://feedproxy.google.com/~r/rc-homemquemordeuocao/~5/euP7SOq6wJg/51I5MW6G-0CCV-1JAI-M9ZA-9O1KRTX69HPO.mp3
http://feedproxy.google.com/~r/rc-homemquemordeuocao/~5/f4vO5EAAyTs/MMU0N3VP-7IHE-H4MC-3UA4-Q8CESZMGGX8F.mp3
http://feedproxy.google.com/~r/rc-homemquemordeuocao/~5/f9gev3mIFaE/SRBMIG26-N35C-OA4Z-90SQ-WEU1MCTXTEYT.mp3
http://feedproxy.google.com/~r/rc-homemquemordeuocao/~5/fcL-PFq0tYw/0MCVU6LG-LJZA-V548-GUTZ-39VAY3C6JT3A.mp3
http://feedproxy.google.com/~r/rc-homemquemordeuocao/~5/fe74hi58Mqw/IYS6ZMU2-D9MW-DHKJ-Y69A-MLBL3ILTJ3FU.mp3
http://feedproxy.google.com/~r/rc-homemquemordeuocao/~5/fE9YRfewCeQ/MUHWCZEG-H6BM-HDA9-22Y0-PH0BGV5741G3.mp3
http://feedproxy.google.com/~r/rc-homemquemordeuocao/~5/FQHPata4hKw/S7Q6FTHJ-NJKW-NQJJ-9F7B-WU9LKP795CET.mp3
http://feedproxy.google.com/~r/rc-homemquemordeuocao/~5/fS4bqiqcbx4/MU98DQMH-8RXN-ID2L-33QC-QHSNIMD8ZKI7.mp3
http://feedproxy.google.com/~r/rc-homemquemordeuocao/~5/FtRE6wOcag8/E26X2CNU-9DZN-9LY9-UAN1-HPPC78DKTIED.mp3
http://feedproxy.google.com/~r/rc-homemquemordeuocao/~5/fuH51WxChJE/UIKLM98V-FF7Z-P0CX-AQ1P-X53ZQ5ZM2KRP.mp3
http://feedproxy.google.com/~r/rc-homemquemordeuocao/~5/fWQQO_t9W1U/PF89ISYW-KQ2Y-KY1L-5NPD-S2RNNOPNJM5L.mp3
http://feedproxy.google.com/~r/rc-homemquemordeuocao/~5/FZET0KutkQQ/OH2SXJQM-JSWH-J0U4-5PJW-S4L62FGCE2VI.mp3
http://feedproxy.google.com/~r/rc-homemquemordeuocao/~5/fzSxhqsaH7g/6TLM1A8T-14FC-2BEY-N12Q-AG4066ZJQEUH.mp3
http://feedproxy.google.com/~r/rc-homemquemordeuocao/~5/g2wl3Rk9Y7Q/HDKQLUVX-2A85-CWD3-XL1V-K035QQMN7G56.mp3
http://feedproxy.google.com/~r/rc-homemquemordeuocao/~5/G3bNu7a24fc/BO5OWSK8-7ZYD-76X0-SWMS-FAO20PAY6T8H.mp3
http://feedproxy.google.com/~r/rc-homemquemordeuocao/~5/G5rAGTYLPEs/541A3UGM-0FU0-0MTN-MCIF-9QKP8Q6DV7SN.mp3
http://feedproxy.google.com/~r/rc-homemquemordeuocao/~5/Ghsh0a0opXM/YCFQYVFB-TO9F-TV82-ELWU-1ZY43R61YLRD.mp3
http://feedproxy.google.com/~r/rc-homemquemordeuocao/~5/GjnWzfjYS3U/WUTY6M1T-R6NN-SDLA-D2A2-0HCCAJSK827E.mp3
http://feedproxy.google.com/~r/rc-homemquemordeuocao/~5/gKGv5-yDT78/LR4WPPLR-G3XM-GAW8-2ZL0-PENAULCIMFP9.mp3
http://feedproxy.google.com/~r/rc-homemquemordeuocao/~5/GPzk_eW8TPQ/XL5DNRUT-JISS-T3XQ-ETMH-18OSSNLKYTB1.mp3
http://feedproxy.google.com/~r/rc-homemquemordeuocao/~5/gt32abUI1p0/P34002VV-BZSE-LLXC-6BL4-TPNE4ZLMI061.mp3
http://feedproxy.google.com/~r/rc-homemquemordeuocao/~5/gwH2_xOlvwc/CUXKMCM1-YQKY-8CPW-T2EO-GGFYR8DRVMF5.mp3
http://feedproxy.google.com/~r/rc-homemquemordeuocao/~5/gZH8I5YiVks/JXP0U39E-E8JP-EFHC-0564-NK8EYZ05V44E.mp3
http://feedproxy.google.com/~r/rc-homemquemordeuocao/~5/h0l1s8XmwU4/3GCAE5QZ-PDZO-ZZ4M-KPTE-73VOJ2GQ54QR.mp3
http://feedproxy.google.com/~r/rc-homemquemordeuocao/~5/h3lICVhi5AM/YLVXY7HV-KIIB-T4N9-FUC1-28EB248MXGO4.mp3
http://feedproxy.google.com/~r/rc-homemquemordeuocao/~5/H92Z57TAAl8/KEISVSNN-FQCI-GXA4-1MZW-O1160PEEQNBI.mp3
http://feedproxy.google.com/~r/rc-homemquemordeuocao/~5/ha-DEoJmw_I/5OMQ5H1A-0ZGG-17E3-MW3U-9B55ADS0JACN.mp3
http://feedproxy.google.com/~r/rc-homemquemordeuocao/~5/HCWIbz66mUs/60D0QQDW-RX1E-1J6C-M9U4-ANWEUM4MUU27.mp3
http://feedproxy.google.com/~r/rc-homemquemordeuocao/~5/HF44jQfenvc/994FMHRR-4LX5-4SWS-QILJ-DWMURDIH5CFL.mp3
http://feedproxy.google.com/~r/rc-homemquemordeuocao/~5/h-FL9aSzfZ4/6FYW7V7Q-1QSL-1YR8-MNF0-A2HACRYHEYGZ.mp3
http://feedproxy.google.com/~r/rc-homemquemordeuocao/~5/hIgqiyVZez4/0IUQ93G7-VUOF-V1M2-HRBU-45D4DZ7YAFOC.mp3
http://feedproxy.google.com/~r/rc-homemquemordeuocao/~5/HjTHbtgFHmw/2GMNO8WE-YSGD-YZFZ-JO3R-6351T4M54KD0.mp3
http://feedproxy.google.com/~r/rc-homemquemordeuocao/~5/-hlC-4pSGpo/S8HJQ1NK-NKA8-OR9V-9GYN-WV0XUXEBCTR8.mp3
http://feedproxy.google.com/~r/rc-homemquemordeuocao/~5/hOI2TWm6WBE/39MDAZT4-YLG3-YSFP-KH3H-7W5SFVKVJPVR.mp3
http://feedproxy.google.com/~r/rc-homemquemordeuocao/~5/HorCQJPf81E/NAKMF0E6-ILDC-ISCY-4I1Q-RX30JX5XZIY2.mp3
http://feedproxy.google.com/~r/rc-homemquemordeuocao/~5/HR1WnHaCaRo/OVWCXELL-J6Q2-JDPP-43DG-RHFR1ACCOL8I.mp3
http://feedproxy.google.com/~r/rc-homemquemordeuocao/~5/HWztzHgyTu4/ZN7BD1MO-UZ11-V60N-GVOF-3AQPIYCFZXG7.mp3
http://feedproxy.google.com/~r/rc-homemquemordeuocao/~5/HXk8zyUiwOo/6HGDUTSN-2SA2-209P-NPXH-A4ZRZPJEFJV8.mp3
http://feedproxy.google.com/~r/rc-homemquemordeuocao/~5/HZech15YlTs/TL7W3J7O-OX0L-O4Z8-9UO0-W8QA8FYEQLT4.mp3
http://feedproxy.google.com/~r/rc-homemquemordeuocao/~5/hzHmg_AsN1M/H99RC7WC-CK2H-CR13-YHQV-LVS5H4N3B011.mp3
http://feedproxy.google.com/~r/rc-homemquemordeuocao/~5/I0k4nm-d6FI/SJVFP2MJ-NUP5-N2OR-8RCJ-V6ETUYC9V011.mp3
http://feedproxy.google.com/~r/rc-homemquemordeuocao/~5/I3J05PVjqds/UK2X0O97-FHPC-P3UA-ATJ1-Y7LC4KZY2O6A.mp3
http://feedproxy.google.com/~r/rc-homemquemordeuocao/~5/IAePPlXyp1k/6RX48NBY-13QU-1APG-MZE8-AEFIDJ2OZLH2.mp3
http://feedproxy.google.com/~r/rc-homemquemordeuocao/~5/ikkLgmcT7ho/C1V0C2T7-7CPP-7JNC-S9C4-FOEEHYKXZCYD.mp3
http://feedproxy.google.com/~r/rc-homemquemordeuocao/~5/iNhDfkA9ecA/H7MYUDEX-CIFO-CQEB-XF32-KU5DZA5OE5A0.mp3
http://feedproxy.google.com/~r/rc-homemquemordeuocao/~5/IXVOEqZ7jv8/C6WMGXOB-7HQB-8OOY-TEDQ-GSF0KTF1LOGK.mp3
http://feedproxy.google.com/~r/rc-homemquemordeuocao/~5/j6Km1NaqUEM/E253CAEN-ZZSH-9KXF-VAM7-IPOHH75D2V20.mp3
http://feedproxy.google.com/~r/rc-homemquemordeuocao/~5/J9O0c-RkYRQ/1GXVJ182-XRRL-XYQ7-IOEZ-53G9OXYT6CBB.mp3
http://feedproxy.google.com/~r/rc-homemquemordeuocao/~5/jdFnrH8lVrM/1VMZP6WR-MRAD-WDFB-H333-4H5DU2NIYC1W.mp3
http://feedproxy.google.com/~r/rc-homemquemordeuocao/~5/JjI9lAFmBBQ/FU51PLHK-A6YR-ADXD-W2M5-JHOFTH8BTYWE.mp3
http://feedproxy.google.com/~r/rc-homemquemordeuocao/~5/JNNew4qHiKM/FNAX385W-AZ3N-A629-WVR1-JATB84WMXF1A.mp3
http://feedproxy.google.com/~r/rc-homemquemordeuocao/~5/jPAhjDKUzUI/2UEIDADY-X588-YC7V-J2VN-6GXXH64OJ42N.mp3
http://feedproxy.google.com/~r/rc-homemquemordeuocao/~5/JqFRV6-PSOw/6OHFBK4S-10B4-17AR-MWYJ-9B0TFHVJM01V.mp3
http://feedproxy.google.com/~r/rc-homemquemordeuocao/~5/jqPy3ViCoDQ/7KXZ064E-2VQP-22PB-OSE3-B6GD52V5ZGAG.mp3
http://feedproxy.google.com/~r/rc-homemquemordeuocao/~5/jVJZ4cerWxU/XX3I82SI-S9X8-SGWU-E6KM-1KMXDYI9HJBG.mp3
http://feedproxy.google.com/~r/rc-homemquemordeuocao/~5/k9I1JdEC4go/V12Q3W2C-QCWG-QKV3-B9JU-YOL58ST21RZK.mp3
http://feedproxy.google.com/~r/rc-homemquemordeuocao/~5/kaKCU0XM3vI/8QKFJ3S2-32E4-39DR-OZ1J-CD3TO0JS4UUO.mp3
http://feedproxy.google.com/~r/rc-homemquemordeuocao/~5/k-BQfgUVzVA/VSEYW037-Q47O-RB6B-C1V2-ZFXD1WTXP23X.mp3
http://feedproxy.google.com/~r/rc-homemquemordeuocao/~5/kefGP7fbL0Y/2IA26KHS-XU4S-Y13E-JRR6-65TGAG8JG33S.mp3
http://feedproxy.google.com/~r/rc-homemquemordeuocao/~5/Kg4nEiCbA9E/3LO0XDP8-YXIQ-Y4HD-JT54-787F29GZRA6L.mp3
http://feedproxy.google.com/~r/rc-homemquemordeuocao/~5/kJkpnDNQB6c/HAVNLRA6-CMOC-DTNZ-YJCR-LXE1QN1WZIR1.mp3
http://feedproxy.google.com/~r/rc-homemquemordeuocao/~5/KkiPhIKcztU/AYT2IL6A-59NR-5HLE-Q6A6-ELCGMIX0BLG7.mp3
http://feedproxy.google.com/~r/rc-homemquemordeuocao/~5/kL0DPBFlFP4/JU9CRHNI-E532-ED1P-Z2QG-MHSRVDD9Q0C6.mp3
http://feedproxy.google.com/~r/rc-homemquemordeuocao/~5/KlgEcavWIAs/GORSQNOU-B0KH-C7J4-XX8W-KBA6VKELIBGS.mp3
http://feedproxy.google.com/~r/rc-homemquemordeuocao/~5/kNEg9VeBFlM/VEPLA1K2-HBC0-RXHY-CN6P-Z180EXBTZDQP.mp3
http://feedproxy.google.com/~r/rc-homemquemordeuocao/~5/KOLRS5DoIGw/MBKBD6YH-887P-HUCN-3J1F-QY3PH2O88BYR.mp3
http://feedproxy.google.com/~r/rc-homemquemordeuocao/~5/kVmOVihUlx4/ME1PL2J2-8BO4-IXT2-3MIU-Q1K4QY9TEU1C.mp3
http://feedproxy.google.com/~r/rc-homemquemordeuocao/~5/KwXF9DEYOyk/BET0VSR7-6QMQ-6XLC-SNA4-F1CE0OIYI1Y5.mp3
http://feedproxy.google.com/~r/rc-homemquemordeuocao/~5/l1qBEfbGw3k/9A47WYMJ-U7RL-4TWJ-PILB-CXNL0UD9TF3Y.mp3
http://feedproxy.google.com/~r/rc-homemquemordeuocao/~5/l7oiLP715ak/SJR2XXFX-NVLS-N2JF-8R86-W6AH2T5NDIE9.mp3
http://feedproxy.google.com/~r/rc-homemquemordeuocao/~5/-lgfTh-rxDs/ZI7SLH22-UT1I-V004-GQOW-34Q6QDSSRVMN.mp3
http://feedproxy.google.com/~r/rc-homemquemordeuocao/~5/lGh6g_K6Q0c/BIZV3TOD-7UTL-71S7-SRGZ-F5I97PE49YR5.mp3
http://feedproxy.google.com/~r/rc-homemquemordeuocao/~5/LgmRZ4FnhL8/5AY33RVM-0MRT-0TQF-MJF7-9XHH8NMC0HY5.mp3
http://feedproxy.google.com/~r/rc-homemquemordeuocao/~5/li5aHxik9GE/ZBBYR21S-VM4N-VT3A-GJS2-3XUCVZSJG6R6.mp3
http://feedproxy.google.com/~r/rc-homemquemordeuocao/~5/lRf-ImU-kTM/G2M5QA2T-BEFV-BLEI-WB3A-JP4KV6TKZPT6.mp3
http://feedproxy.google.com/~r/rc-homemquemordeuocao/~5/LwK1EztfEtQ/29ZBEUTD-XKT1-XRRO-JHGG-6WIQIQK30NTG.mp3
http://feedproxy.google.com/~r/rc-homemquemordeuocao/~5/LWLHENcpslQ/X1LLBX0C-SDEB-SKDX-D92P-0O4ZFTR3982R.mp3
http://feedproxy.google.com/~r/rc-homemquemordeuocao/~5/MA7Ni54Cn_E/FGFRUBUV-1D25-AZ73-WPWV-J3Y5Y7KLVWI6.mp3
http://feedproxy.google.com/~r/rc-homemquemordeuocao/~5/MAep_qzg3GE/L0J6ATXT-HCCW-HJBJ-280A-PN2LEPOKCIM0.mp3
http://feedproxy.google.com/~r/rc-homemquemordeuocao/~5/MGBZ4knlLME/RALBXU12-MLF0-MTEN-7I2F-UX4P1QRTU9RG.mp3
http://feedproxy.google.com/~r/rc-homemquemordeuocao/~5/mg_GTwVID9U/74FSMHXW-2G9H-3N84-OCWW-BRY6QDNM0ZV2.mp3
http://feedproxy.google.com/~r/rc-homemquemordeuocao/~5/MO_KR9wrCy8/BSGKM6ME-64AA-6B8X-S1XP-FFZZR3D5MKOZ.mp3
http://feedproxy.google.com/~r/rc-homemquemordeuocao/~5/Moz_QJXqHEc/A78DZYSH-5I13-6Q0P-RFPH-EURR4UJ7NVQY.mp3
http://feedproxy.google.com/~r/rc-homemquemordeuocao/~5/MP196sa_F1Y/8UY6IL6E-TRMK-3CRI-P2FA-CHHKMHW5OAYV.mp3
http://feedproxy.google.com/~r/rc-homemquemordeuocao/~5/mtlcgRKgPRA/XJK9CJUS-SUEZ-S1DM-ER1E-153OHGLJ99WE.mp3
http://feedproxy.google.com/~r/rc-homemquemordeuocao/~5/mUBYekfSTHg/XCICPWJ9-J95Q-TVAO-ELZG-1Z0QTTA01CER.mp3
http://feedproxy.google.com/~r/rc-homemquemordeuocao/~5/_mYf0evO50U/ZWW3KXLT-U7QS-UEOF-G4D7-3JFHPTCKBLCV.mp3
http://feedproxy.google.com/~r/rc-homemquemordeuocao/~5/N4SOnFvraLg/ZN89JK1F-UY2Z-V60L-GVPD-3ARNOGS5SHS8.mp3
http://feedproxy.google.com/~r/rc-homemquemordeuocao/~5/N50Q9QVhiXg/3HHBTCZX-YSB1-YZAO-JPYF-630QY8PO8A28.mp3
http://feedproxy.google.com/~r/rc-homemquemordeuocao/~5/n5hL7wJD-0w/4S82RXW4-Z31S-ZB0E-L0P6-8FRGWTMVTYR2.mp3
http://feedproxy.google.com/~r/rc-homemquemordeuocao/~5/n6l4HqNFQrQ/FDYIHIT8-AOS8-BVQV-WLFM-JZHXMEKYVU38.mp3
http://feedproxy.google.com/~r/rc-homemquemordeuocao/~5/N7d7bLJUWes/7O4TAZRG-2ZXJ-36W5-OWLX-BBN7FVH655RG.mp3
http://feedproxy.google.com/~r/rc-homemquemordeuocao/~5/nAm4yoTqf1Y/ECIATKD8-9OC0-9VBM-UKZE-HZ1OYH4ZPNOF.mp3
http://feedproxy.google.com/~r/rc-homemquemordeuocao/~5/Na-N6eulPqQ/Z2S5CTC8-UELV-ULKH-GB99-3PBJGQ3Z1OI0.mp3
http://feedproxy.google.com/~r/rc-homemquemordeuocao/~5/NEdDUxfiDNc/S3JFO9RV-D07T-NLCR-8B0J-VQ2TS5IMGDLG.mp3
http://feedproxy.google.com/~r/rc-homemquemordeuocao/~5/nET7j_yB04o/EOIDBXSN-9ZC2-96BP-UWZH-HA1RGUIDPZOJ.mp3
http://feedproxy.google.com/~r/rc-homemquemordeuocao/~5/nF4cwOUnVUo/YE7SO2VU-JAU6-TWZ4-EMOW-10Q6SYMLMP46.mp3
http://feedproxy.google.com/~r/rc-homemquemordeuocao/~5/nICu_tmaK3Q/999QK5E3-4K2G-4R12-PHQU-DWR4O15UGEED.mp3
http://feedproxy.google.com/~r/rc-homemquemordeuocao/~5/NJ090KYFB0A/8OW720NO-3ZPW-46OJ-PWDB-CAEL6WEFKF4K.mp3
http://feedproxy.google.com/~r/rc-homemquemordeuocao/~5/nm2q5-neYFQ/4EQMYX79-ZPKB-ZWIY-KM7Q-70903TX07B0D.mp3
http://feedproxy.google.com/~r/rc-homemquemordeuocao/~5/NmgIMSXUHns/6SRZKYHE-SOED-2AJB-N083-AEADPU75WX5X.mp3
http://feedproxy.google.com/~r/rc-homemquemordeuocao/~5/NpIbtt4ZKOI/ZU1IR4TS-U6V7-VDUU-G3IM-3HKWV0JIN4BB.mp3
http://feedproxy.google.com/~r/rc-homemquemordeuocao/~5/O1foD1ZSJMI/QJ6JBCCL-LV09-M2ZV-7RNN-U6PXG83BWA0P.mp3
http://feedproxy.google.com/~r/rc-homemquemordeuocao/~5/o1G8rjn8QvI/SH4I1CZS-EERW-NZWU-9PLM-W4NW58QI4B0J.mp3
http://feedproxy.google.com/~r/rc-homemquemordeuocao/~5/o4t4MeN1jPc/AE8MGYKM-5P1B-5W0Y-QMPQ-D0R0KVBDNIW7.mp3
http://feedproxy.google.com/~r/rc-homemquemordeuocao/~5/O9TNOGj3H9M/C2IYXWIH-8DBO-8LAB-TAZ2-GP1D2T9824C1.mp3
http://feedproxy.google.com/~r/rc-homemquemordeuocao/~5/OAkcQ8HQMLI/B05KA5SR-6BZA-7IYX-S8MP-FMOZF1JH07KY.mp3
http://feedproxy.google.com/~r/rc-homemquemordeuocao/~5/OBj4eHNHRQE/74I82K91-2GCY-2NBK-NCZC-AR1N7G0SVDVT.mp3
http://feedproxy.google.com/~r/rc-homemquemordeuocao/~5/Oc2YiYA2sDA/J2T2LZ2L-5ZGG-ELLE-0AA6-NPBGQVTBE9LC.mp3
http://feedproxy.google.com/~r/rc-homemquemordeuocao/~5/oc_bwPEbRvU/DMXCWMI3-8YQ2-85PO-UVDG-H9FR1I9TERLV.mp3
http://feedproxy.google.com/~r/rc-homemquemordeuocao/~5/ooRKabKOmKw/OADQF3ZZ-JL7F-JS62-4IUU-RWW4J0PQUZBJ.mp3
http://feedproxy.google.com/~r/rc-homemquemordeuocao/~5/otmceO3ZejE/TBSUYQCY-ONMK-OUK7-AK9Z-XYB92N3PLP7O.mp3
http://feedproxy.google.com/~r/rc-homemquemordeuocao/~5/otxPWor2uos/O480XFEM-JF2Q-KM1C-5CP4-SRRE2B4DCDHU.mp3
http://feedproxy.google.com/~r/rc-homemquemordeuocao/~5/oVHLPdVU0TY/MHHA6F8K-HTA0-I09N-3PYE-Q4ZPABZA4A4W.mp3
http://feedproxy.google.com/~r/rc-homemquemordeuocao/~5/oVLg1aLEXI8/HWF16K5M-C78R-CE7E-Y4W5-LIXGBHWDFRCE.mp3
http://feedproxy.google.com/~r/rc-homemquemordeuocao/~5/Ox-58gaK3vM/1UITQCK8-X6BJ-XDA5-I2ZX-5H17V9AZ8KER.mp3
http://feedproxy.google.com/~r/rc-homemquemordeuocao/~5/P0vQ3jKbL3Y/T0STDM9P-OBLI-OJK5-988X-WNA7IIZF6LKK.mp3
http://feedproxy.google.com/~r/rc-homemquemordeuocao/~5/P19CxECb4zo/YSRSIX6C-T3LI-TBK5-F08W-2FA7NTX3TYVM.mp3
http://feedproxy.google.com/~r/rc-homemquemordeuocao/~5/p5U_Tz95TBQ/2TQUGNA8-X4KK-XBI7-I17Z-5F99LJ1YLE0L.mp3
http://feedproxy.google.com/~r/rc-homemquemordeuocao/~5/PA3l3o6uG0c/LQEK49RU-6N1Z-G86X-2YVP-PDXZ85ILP7BH.mp3
http://feedproxy.google.com/~r/rc-homemquemordeuocao/~5/pAMYXUdqe9g/AD64T6ZB-WAUI-6VZG-RLN8-E0PIX2Q2VY84.mp3
http://feedproxy.google.com/~r/rc-homemquemordeuocao/~5/PBp0ODWE2Qs/DTROFHLX-84KE-9CJ0-U17S-HG92KDCNONSM.mp3
http://feedproxy.google.com/~r/rc-homemquemordeuocao/~5/pd7HFgJN62I/Z1ZD9A56-LYMR-VKRP-G9GH-3OIRE7WW835H.mp3
http://feedproxy.google.com/~r/rc-homemquemordeuocao/~5/pDaU2_ltlmM/89I4YDGK-3KBT-3SAG-OHZ8-BW1I2A7B2HDN.mp3
http://feedproxy.google.com/~r/rc-homemquemordeuocao/~5/pEoIFFr9cm4/AOCCY889-5Z62-675O-RWTG-EBVQ34Z0YYJD.mp3
http://feedproxy.google.com/~r/rc-homemquemordeuocao/~5/pgEWpXoyCzU/Z8QYTLIF-UKKO-VRIB-GG72-3V9DXH96ERP6.mp3
http://feedproxy.google.com/~r/rc-homemquemordeuocao/~5/_PHnWVg_Bic/ZN97P3G5-VY2X-V51J-GVQB-3ASLTZ7VL148.mp3
http://feedproxy.google.com/~r/rc-homemquemordeuocao/~5/PIKxEWD07eg/49I4YBT1-P65I-ZSAG-KHZ8-7W1I37JS357N.mp3
http://feedproxy.google.com/~r/rc-homemquemordeuocao/~5/PJctktk5jyI/IX03J4PB-D8US-DGTF-Y5H7-LKJHN1G2B7Q1.mp3
http://feedproxy.google.com/~r/rc-homemquemordeuocao/~5/pLzZBPzFXR8/Z04PX9GQ-UBXF-VJW1-G8LT-3NN3257G3WG9.mp3
http://feedproxy.google.com/~r/rc-homemquemordeuocao/~5/pN-4xMNUxXQ/RDZ5G3OW-MPTV-MWSH-7MG9-U0IJLZEN5YVM.mp3
http://feedproxy.google.com/~r/rc-homemquemordeuocao/~5/PTlF6AHaORg/2MPNU33C-XXJD-Y5I0-JU6S-6982Z0T2S7IB.mp3
http://feedproxy.google.com/~r/rc-homemquemordeuocao/~5/puWFBoIbKkk/BI3APFG9-6UXZ-61VM-SRKE-F5MOUB60YV3W.mp3
http://feedproxy.google.com/~r/rc-homemquemordeuocao/~5/pW_70JokyXE/5UKHBXW0-06D7-1DCT-M31L-9H3VGTNQH3V5.mp3
http://feedproxy.google.com/~r/rc-homemquemordeuocao/~5/PXgy56I7bT0/1E9B3VCV-NBWP-WX1N-INQF-51SP7R3M9J9X.mp3
http://feedproxy.google.com/~r/rc-homemquemordeuocao/~5/pzDuH8HIwIQ/DEA4XIRI-8Q4T-8X2G-UNR8-H1TI2FI9P4PY.mp3
http://feedproxy.google.com/~r/rc-homemquemordeuocao/~5/q1yXrtV0MKc/SN7MRZF6-NY0B-N5ZY-8VOQ-W9Q0WW6XI65U.mp3
http://feedproxy.google.com/~r/rc-homemquemordeuocao/~5/Q2DQOEUMH_o/L8E0KNH0-GK7Q-GR6D-1GV4-OVXFOJ8R1MTU.mp3
http://feedproxy.google.com/~r/rc-homemquemordeuocao/~5/q3Y3Iuf5HXk/BEVUCC1E-6POK-7WN7-SMCY-F0D9H9R4YPY6.mp3
http://feedproxy.google.com/~r/rc-homemquemordeuocao/~5/q9n20krC6G4/U3UOKKX9-G0H3-QMM1-BBBS-YQD3PGN0PDDQ.mp3
http://feedproxy.google.com/~r/rc-homemquemordeuocao/~5/Q_Akgq5O89E/VQT0WRUZ-Q2MQ-Q9LC-CYA4-PY53FX4ZNZAV.mp3
http://feedproxy.google.com/~r/rc-homemquemordeuocao/~5/QBCtwC_WRcs/8CTF9UVU-3ON4-4VMR-PKAJ-CZCTDRMKP5H3.mp3
http://feedproxy.google.com/~r/rc-homemquemordeuocao/~5/qjrJ9-hF-Bo/8C0FIBWM-3NU4-3UTR-PKHJ-CYJTM7MDV549.mp3
http://feedproxy.google.com/~r/rc-homemquemordeuocao/~5/QqbSxxw_Xx4/AW7682SG-571W-5F0I-Q4OA-DJQLDYJ7M2Q7.mp3
http://feedproxy.google.com/~r/rc-homemquemordeuocao/~5/qvgF0hgO2SA/FEWKSEYF-APPA-AXOW-VMDO-I1FYWAP6EO3J.mp3
http://feedproxy.google.com/~r/rc-homemquemordeuocao/~5/QWEK8r20Mp8/8OUD97PM-UKIR-46NP-PWBH-CADRE3GDE147.mp3
http://feedproxy.google.com/~r/rc-homemquemordeuocao/~5/_QxsHTWT2e8/Q9ZAIIRI-LKT0-LRSN-7HGE-UVIPMEI9J1PS.mp3
http://feedproxy.google.com/~r/rc-homemquemordeuocao/~5/Qzt2KGz7ZLc/D4V4M7H2-8GOU-9NNH-UDC8-HREJR38TSOSI.mp3
http://feedproxy.google.com/~r/rc-homemquemordeuocao/~5/rAfsVwMvv7A/L36MVCE9-70U0-GMZY-2BNQ-PQP00850BPOR.mp3
http://feedproxy.google.com/~r/rc-homemquemordeuocao/~5/RC0Hm2w8HrY/O1SIXUYM-JCM8-KJLV-599N-SNBX2QOCD6EA.mp3
http://feedproxy.google.com/~r/rc-homemquemordeuocao/~5/rdrvACAjcUQ/WQOZANZ4-R1HP-R8GB-DY53-0C7DEJQU4A2F.mp3
http://feedproxy.google.com/~r/rc-homemquemordeuocao/~5/-rHg-zIulHs/47OKMCR6-Q4CY-0QHW-LF5O-8U7YQ8IXMH6Q.mp3
http://feedproxy.google.com/~r/rc-homemquemordeuocao/~5/rMtFeiZtb2I/ZHC2MWE9-US6S-U05E-GPT6-34VGQS40HP9G.mp3
http://feedproxy.google.com/~r/rc-homemquemordeuocao/~5/rP9yOHsf7dk/DF5UX3FB-8QYJ-9YX6-UNMY-H2O81051ZA26.mp3
http://feedproxy.google.com/~r/rc-homemquemordeuocao/~5/Rr8hdK9ACE0/DPGELTXU-80A4-989R-UXXI-HCZTQQNL9TOU.mp3
http://feedproxy.google.com/~r/rc-homemquemordeuocao/~5/RSsNCLmik7M/EFZW2PFU-9QSL-9XR8-VNG0-I1IA7L6LOCRN.mp3
http://feedproxy.google.com/~r/rc-homemquemordeuocao/~5/RtU0FLb4jcY/P88Z4JVM-LJ2O-LR1B-6GP3-TVRD9FMCYSNC.mp3
http://feedproxy.google.com/~r/rc-homemquemordeuocao/~5/ruJ0FnL_1TE/FI6TSZ8F-0FT8-A1Y5-VRNX-I5O8XVZ5VY8B.mp3
http://feedproxy.google.com/~r/rc-homemquemordeuocao/~5/RX9Z14XvRKI/NFPF80A0-IQJ4-IXIR-4N6J-R28TCW1RWDFE.mp3
http://feedproxy.google.com/~r/rc-homemquemordeuocao/~5/RXuV_i2-EKM/78YTUVLG-2JRI-2QQ5-NGFX-AVH7YRB7L8YD.mp3
http://feedproxy.google.com/~r/rc-homemquemordeuocao/~5/R_XvuyLvTwo/1YURYKCL-XAOH-XHN3-I6BV-5LD52G3CW5UX.mp3
http://feedproxy.google.com/~r/rc-homemquemordeuocao/~5/s6i6mV_YBrM/Y5GFNE2V-TH95-UO8R-FEXJ-2SZTSATMRIX4.mp3
http://feedproxy.google.com/~r/rc-homemquemordeuocao/~5/S7Vdw1WGKTA/PX65L3EK-BTUK-LFZI-65N9-TJPKQZ5AJPOV.mp3
http://feedproxy.google.com/~r/rc-homemquemordeuocao/~5/s8Bqnm9T1-0/MHI2BP7A-HTBR-H0AE-3QZ6-Q41GGLY05OGA.mp3
http://feedproxy.google.com/~r/rc-homemquemordeuocao/~5/SA7sU-sUrnQ/TR35F9V5-P2XV-P9WH-AZK9-XDMJK6LWUFNK.mp3
http://feedproxy.google.com/~r/rc-homemquemordeuocao/~5/sF46pvULxPY/WKHFBD4J-RWB5-S39R-DTYJ-070TGAVA609P.mp3
http://feedproxy.google.com/~r/rc-homemquemordeuocao/~5/sfibmbe96_A/CGBHIPD5-7S47-7Z3T-SPSL-F3UVNM3VIMDD.mp3
http://feedproxy.google.com/~r/rc-homemquemordeuocao/~5/SfVuCv9Y0aw/LS3UBNLF-G4WK-GBV6-10KY-OFM8GJB6SDDL.mp3
http://feedproxy.google.com/~r/rc-homemquemordeuocao/~5/shQrmls2vnc/7BBP7LSK-2N4E-2U31-NKST-BYU3CIJA3DQJ.mp3
http://feedproxy.google.com/~r/rc-homemquemordeuocao/~5/sNq56ie477I/MAKFMPJ3-877T-ITCR-3J1J-QX3TQMAT8SYF.mp3
http://feedproxy.google.com/~r/rc-homemquemordeuocao/~5/SSDKc2dAHuw/ZCAQ90UK-UN4F-UV22-FKRU-2ZT4EWLBF7RV.mp3
http://feedproxy.google.com/~r/rc-homemquemordeuocao/~5/Svvlv6JqmWY/Q7BRRNKJ-LI5H-LQ34-6FSV-TUU6WJB970ZD.mp3
http://feedproxy.google.com/~r/rc-homemquemordeuocao/~5/sycpFcm6cNM/3RSZ9RCW-Y2MO-YAKB-JZ93-6EBDEN2M9HOX.mp3
http://feedproxy.google.com/~r/rc-homemquemordeuocao/~5/t6WHVOI-PQA/APBBHEI2-5051-583N-QXSF-ECUPMB8SP5JP.mp3
http://feedproxy.google.com/~r/rc-homemquemordeuocao/~5/T9GRLB5vp6A/WXDTVLZL-R97J-RG65-D5UX-0KW7ZHQBAZ9R.mp3
http://feedproxy.google.com/~r/rc-homemquemordeuocao/~5/TcaZbDtPIl8/POTKFJ6T-AKHY-K6MW-5WAO-SACYKFXJ2D2I.mp3
http://feedproxy.google.com/~r/rc-homemquemordeuocao/~5/tEf0bS8cDLA/5HTCVW31-0SM1-10LO-MPAG-94CQZSUSHP5W.mp3
http://feedproxy.google.com/~r/rc-homemquemordeuocao/~5/TgpXqCNDMzM/30AQ76A8-YB3G-YJ23-J8RV-6NT5C31ZG5XF.mp3
http://feedproxy.google.com/~r/rc-homemquemordeuocao/~5/ti_wuyush3s/O0V6E5RS-JCOW-JJNI-59CA-SNEKJ2IJ1PEO.mp3
http://feedproxy.google.com/~r/rc-homemquemordeuocao/~5/Tn-uS_V20UI/P5WQOJ1M-KGQG-KOP2-5DDU-SSF4SFSDHK7W.mp3
http://feedproxy.google.com/~r/rc-homemquemordeuocao/~5/TOSwJ7VSFAk/CLFJ3NKE-7X89-747W-SUWN-F8YY7KB50BUC.mp3
http://feedproxy.google.com/~r/rc-homemquemordeuocao/~5/Tqyx-OIokv0/AGLT2HUC-6SEI-6ZD5-RP2X-E3476DL3XAON.mp3
http://feedproxy.google.com/~r/rc-homemquemordeuocao/~5/TT4aXlQ-L7E/RU9JTIXK-CQWX-MC1V-82PN-VGRXXEOBTZNH.mp3
http://feedproxy.google.com/~r/rc-homemquemordeuocao/~5/u7I2dXWbeDs/TX6ZP2H5-EUTD-OGZB-96N3-WKPDUZ8VDK58.mp3
http://feedproxy.google.com/~r/rc-homemquemordeuocao/~5/U7OUhglEb3Y/LWD45A9H-G87T-GF6G-14U8-OJWI960887HD.mp3
http://feedproxy.google.com/~r/rc-homemquemordeuocao/~5/U8xtkZylsVU/P0HCO087-BX5R-LJAO-69YG-TN0RSWZY7VSN.mp3
http://feedproxy.google.com/~r/rc-homemquemordeuocao/~5/uCDbSD2LuOM/O1RMMS35-JCKC-JKJZ-598Q-SOA1QOUWR2Q9.mp3
http://feedproxy.google.com/~r/rc-homemquemordeuocao/~5/UHmZoj8sS-U/705M8BFC-TXS0-3IXY-O8MQ-BNO0C763M3RX.mp3
http://feedproxy.google.com/~r/rc-homemquemordeuocao/~5/USI6KSX3mS4/LK81Y2AD-GW1R-H30D-2SP5-P7RF3Y13PHIR.mp3
http://feedproxy.google.com/~r/rc-homemquemordeuocao/~5/UUJi7qbxmvE/P2A6K00K-KE3W-KL2J-6ARA-TPTLPXRA6WT6.mp3
http://feedproxy.google.com/~r/rc-homemquemordeuocao/~5/V67e0wpi3cE/0QHWDPNI-V2BM-W9A9-HZY0-4D0BIMD9SMW9.mp3
http://feedproxy.google.com/~r/rc-homemquemordeuocao/~5/v74KSugvJBM/RTC03NOT-M56P-MC5C-72T4-UGVE7JFJMXM8.mp3
http://feedproxy.google.com/~r/rc-homemquemordeuocao/~5/vDJP3aZ_qfY/01WVVZIV-LXJA-VJO7-G9DZ-3NFA0V9MRIUQ.mp3
http://feedproxy.google.com/~r/rc-homemquemordeuocao/~5/VHUv-RJAWvc/GEOWPYAE-BPIL-BWH8-WM50-K07ATU15NJSN.mp3
http://feedproxy.google.com/~r/rc-homemquemordeuocao/~5/v-l91Puvf2E/9JCIXWM0-5V68-525V-QRTM-D6VX2SDQY9PJ.mp3
http://feedproxy.google.com/~r/rc-homemquemordeuocao/~5/vLYEqt0aTrs/N9O4DXHJ-IKIT-IRHG-4H58-RW7IHT893OXH.mp3
http://feedproxy.google.com/~r/rc-homemquemordeuocao/~5/V-mJ1M8IYjQ/01PQ9T0F-VDJG-VKI3-GA6U-4O85EPR5ZCVW.mp3
http://feedproxy.google.com/~r/rc-homemquemordeuocao/~5/VQgAoyI7-Zc/MCD6R0G1-HN7W-IV6I-3KUA-QZWKWW6RF5ZY.mp3
http://feedproxy.google.com/~r/rc-homemquemordeuocao/~5/vqLed1Z9VAw/MSMNO7Y6-I3GD-IBFZ-303R-QF51T3PWUFRS.mp3
http://feedproxy.google.com/~r/rc-homemquemordeuocao/~5/VsUTLoa_3Fw/F8XWDNY4-AJRM-AQP9-VGE0-IVGBIJPU8IL0.mp3
http://feedproxy.google.com/~r/rc-homemquemordeuocao/~5/vyOtTHjkSv4/AGSKN5FR-VDGY-5ZLW-QO9O-D3BYS26I55N7.mp3
http://feedproxy.google.com/~r/rc-homemquemordeuocao/~5/W5Ed3hnme_A/AANWT0TQ-5MHM-6TG9-RI40-EX6BYWKHSJHI.mp3
http://feedproxy.google.com/~r/rc-homemquemordeuocao/~5/w9SbKDSAToc/SJMX2AYG-OVFN-O2EA-9R31-W65C76P69E34.mp3
http://feedproxy.google.com/~r/rc-homemquemordeuocao/~5/wAHWS2iQ-Eg/QYUW59GM-L9OL-LGN8-76B0-UKDA957DNGEW.mp3
http://feedproxy.google.com/~r/rc-homemquemordeuocao/~5/waQZElcMHSc/C3F6ATTK-7E9W-8L7I-TBWA-GPYKFPKBTW00.mp3
http://feedproxy.google.com/~r/rc-homemquemordeuocao/~5/wfbQzL6bMQA/KEM6K65F-FPGV-FXEI-0M3A-O15KP2W5TDAA.mp3
http://feedproxy.google.com/~r/rc-homemquemordeuocao/~5/WFV6s2cR4yM/A4TJKV1P-V1HY-5NMV-QCAN-ERCYPRSFZUYR.mp3
http://feedproxy.google.com/~r/rc-homemquemordeuocao/~5/WGvBXkqUY4E/XG0GH2HB-SRT6-SZSS-EOGK-13IUMY82ETH2.mp3
http://feedproxy.google.com/~r/rc-homemquemordeuocao/~5/WKj6PLkARTo/EZMZQUQQ-ZW9E-9IEC-V734-IM5EURGHMLN1.mp3
http://feedproxy.google.com/~r/rc-homemquemordeuocao/~5/WMeqvIZipNs/MMR8U1LV-HYLY-H5KK-2U8C-P9AMYYBM59XE.mp3
http://feedproxy.google.com/~r/rc-homemquemordeuocao/~5/-wnRKDkhP24/MMPLDPRP-HYJA-H5HX-3V6P-Q98ZHMIFHQX0.mp3
http://feedproxy.google.com/~r/rc-homemquemordeuocao/~5/WnYk1nwY2IE/BU8IZOLA-6528-6D1V-R2PM-EHRX3KB0NJQ5.mp3
http://feedproxy.google.com/~r/rc-homemquemordeuocao/~5/wU1jip9Fke8/74EZJZO1-3F8P-3N7C-OCV3-BRXEOVESDD7O.mp3
http://feedproxy.google.com/~r/rc-homemquemordeuocao/~5/WvLySi_8gps/N7298KZS-84PN-IQUL-3GID-QUKNCGQI1UJG.mp3
http://feedproxy.google.com/~r/rc-homemquemordeuocao/~5/Wwl-1buhpHs/OMEOROHN-JX7D-J460-4UUS-R9W2VL8E9LZZ.mp3
http://feedproxy.google.com/~r/rc-homemquemordeuocao/~5/WZXXI8YibpQ/76ABPZ0Q-S2XQ-2O2O-NERF-BSTQTWRG4OKM.mp3
http://feedproxy.google.com/~r/rc-homemquemordeuocao/~5/-X23Sg0DVZc/57L5VJ38-0IFV-0PEH-MF29-9T4J0GUZBWJZ.mp3
http://feedproxy.google.com/~r/rc-homemquemordeuocao/~5/xbRTty5Ip1U/Q4SSDQH8-LFMI-LMK4-7C9W-UQB6IM8ZS7K2.mp3
http://feedproxy.google.com/~r/rc-homemquemordeuocao/~5/XcGXXz5d8cc/ALRK1Z5X-6XL9-64JW-RT8O-E8AY5VWNOPH0.mp3
http://feedproxy.google.com/~r/rc-homemquemordeuocao/~5/xfUhI62l_DY/LWFUDCY2-G88K-GF76-14WY-OJY8I8OTNEHR.mp3
http://feedproxy.google.com/~r/rc-homemquemordeuocao/~5/XHoLHRrVJj8/LK801T08-GV2Q-H30C-2SP4-P7RE6QRY496S.mp3
http://feedproxy.google.com/~r/rc-homemquemordeuocao/~5/xoODSgpHu4Y/WOW00XQ3-RZPQ-R7OD-DWD4-0BFF4TGUI3O9.mp3
http://feedproxy.google.com/~r/rc-homemquemordeuocao/~5/xP1BeO7DjPg/KY9FBBM6-6VWU-FH1S-16QK-OLSUF7CXZJUB.mp3
http://feedproxy.google.com/~r/rc-homemquemordeuocao/~5/y6cyIk0fGkk/NKOC58NQ-9HBQ-J3GO-4S5G-R77Q94EHBEL8.mp3
http://feedproxy.google.com/~r/rc-homemquemordeuocao/~5/yHaLQxZteUE/6OFQX01H-109G-1773-MXWU-9BY51WR8DAPH.mp3
http://feedproxy.google.com/~r/rc-homemquemordeuocao/~5/YhIDAIQgr4w/0WJ9US29-MT6N-WFBL-H40D-4J2NYOTZHSQU.mp3
http://feedproxy.google.com/~r/rc-homemquemordeuocao/~5/YIzj36sme7Q/RQUTR9UD-M2OI-M9M5-7YBX-VDD7W5L3UQVA.mp3
http://feedproxy.google.com/~r/rc-homemquemordeuocao/~5/YM4kJur06XY/JWUGXIRH-E7O5-FEMS-04BK-NIDU2FI8SVFT.mp3
http://feedproxy.google.com/~r/rc-homemquemordeuocao/~5/_ynNPeMQsQ0/UW3UAULO-P7XJ-PFW6-B4KY-YJM8FQCE9E5R.mp3
http://feedproxy.google.com/~r/rc-homemquemordeuocao/~5/YOGyXOPVRGk/QSX0T1Q6-L3QQ-LAPD-60E4-TEGFYXGW3XJQ.mp3
http://feedproxy.google.com/~r/rc-homemquemordeuocao/~5/YRz6XarkKaA/3TAFZGNO-Y444-ZB3R-K1RJ-7GTT4DEFOUR6.mp3
http://feedproxy.google.com/~r/rc-homemquemordeuocao/~5/z9hOWs_NR0M/XNZV59BE-IKMA-S5R8-DVGZ-0AIAA52571OY.mp3
http://feedproxy.google.com/~r/rc-homemquemordeuocao/~5/zBZS-KG9Q2U/TDJ08P2Z-OODQ-PVCC-AL04-XZ2ECLTQ01LH.mp3
http://feedproxy.google.com/~r/rc-homemquemordeuocao/~5/zgc2MNX_nVs/HPFLT2MB-C09A-D88X-YXWP-LCYZXZD21RTH.mp3
http://feedproxy.google.com/~r/rc-homemquemordeuocao/~5/ZQ4DLD68RoA/KIYBQVOX-FTR1-F0QO-1QFG-O4HQURFOVB22.mp3
http://feedproxy.google.com/~r/rc-homemquemordeuocao/~5/zQYRAuJ4WbQ/P1GH292Z-LCA7-LJ9U-69XL-TNZW75TP4JGM.mp3
http://feedproxy.google.com/~r/rc-homemquemordeuocao/~5/Zu3dwMvQtQM/01MBQYYE-VDG0-WKEN-HA3F-4O5PVVO4P775.mp3
http://feedproxy.google.com/~r/rc-homemquemordeuocao/~5/ZuBm3IsiaOE/VO5EE6SK-Q0Z4-Q7YQ-BXMI-ZBOSI2JB37NJ.mp3
http://feedproxy.google.com/~r/rc-homemquemordeuocao/~5/zviWDk20T1o/E795X8MW-04WK-9P1H-VFQ9-IUSK14DNJKJZ.mp3
http://feedproxy.google.com/~r/rc-homemquemordeuocao/~5/ZynmIFnPGjQ/C6T1RBQJ-7IMR-8PLD-TE95-GTBFV7HAQTG6.mp3
http://feeds.tsf.pt/~r/TSF-TuboEnsaio/~5/0XCemQc5RKs/tub_20150528.mp3
http://feeds.tsf.pt/~r/TSF-TuboEnsaio/~5/1POthBFfcPU/tub_20150924.mp3
http://feeds.tsf.pt/~r/TSF-TuboEnsaio/~5/_2XhAVPrtSQ/tub_20150930.mp3
http://feeds.tsf.pt/~r/TSF-TuboEnsaio/~5/2zDa6ikQKOk/tub_20150410.mp3
http://feeds.tsf.pt/~r/TSF-TuboEnsaio/~5/3XYzqAhTVwQ/tub_20150701.mp3
http://feeds.tsf.pt/~r/TSF-TuboEnsaio/~5/41otH5dEp2E/tub_20150615.mp3
http://feeds.tsf.pt/~r/TSF-TuboEnsaio/~5/4dKdBSrPvD8/tub_20150922.mp3
http://feeds.tsf.pt/~r/TSF-TuboEnsaio/~5/5BFJKnAT7s4/tub_20150428.mp3
http://feeds.tsf.pt/~r/TSF-TuboEnsaio/~5/5Pm_GJIkzgU/tub_20150520.mp3
http://feeds.tsf.pt/~r/TSF-TuboEnsaio/~5/69GgjVNjBnk/tub_20150512.mp3
http://feeds.tsf.pt/~r/TSF-TuboEnsaio/~5/716d79OB9Go/tub_20150702.mp3
http://feeds.tsf.pt/~r/TSF-TuboEnsaio/~5/7sLlZFuHhXo/tub_20150609.mp3
http://feeds.tsf.pt/~r/TSF-TuboEnsaio/~5/87sPAOiWzPI/tub_20150624.mp3
http://feeds.tsf.pt/~r/TSF-TuboEnsaio/~5/8c-181NJHAg/tub_20150417.mp3
http://feeds.tsf.pt/~r/TSF-TuboEnsaio/~5/8hd4u2RaAEs/tub_20150514.mp3
http://feeds.tsf.pt/~r/TSF-TuboEnsaio/~5/9j9_OZTjVOc/tub_20150408.mp3
http://feeds.tsf.pt/~r/TSF-TuboEnsaio/~5/ap4_9VjPKEQ/tub_20150923.mp3
http://feeds.tsf.pt/~r/TSF-TuboEnsaio/~5/aPbKLSeCcnY/tub_20150413.mp3
http://feeds.tsf.pt/~r/TSF-TuboEnsaio/~5/AtiG-FiABQ8/tub_20150424.mp3
http://feeds.tsf.pt/~r/TSF-TuboEnsaio/~5/-AWk-WJ8f5k/tub_20150416.mp3
http://feeds.tsf.pt/~r/TSF-TuboEnsaio/~5/B4hZmShPgCY/tub_20150605.mp3
http://feeds.tsf.pt/~r/TSF-TuboEnsaio/~5/B4TmVJW9eB4/tub_20150427.mp3
http://feeds.tsf.pt/~r/TSF-TuboEnsaio/~5/-bVMHcFZ9I8/tub_20151001.mp3
http://feeds.tsf.pt/~r/TSF-TuboEnsaio/~5/C45w6hFMYKE/tub_20150522.mp3
http://feeds.tsf.pt/~r/TSF-TuboEnsaio/~5/CgYbkiErJKU/tub_20150611.mp3
http://feeds.tsf.pt/~r/TSF-TuboEnsaio/~5/cneM93BfmxE/tub_20150506.mp3
http://feeds.tsf.pt/~r/TSF-TuboEnsaio/~5/CNJqOqsNlTo/tub_20150505.mp3
http://feeds.tsf.pt/~r/TSF-TuboEnsaio/~5/Cnq1vaquzQg/tub_20150421.mp3
http://feeds.tsf.pt/~r/TSF-TuboEnsaio/~5/CrREA4uGz9E/tub_20150420.mp3
http://feeds.tsf.pt/~r/TSF-TuboEnsaio/~5/dDHFnUYTHP0/tub_20150604.mp3
http://feeds.tsf.pt/~r/TSF-TuboEnsaio/~5/DlSK683skY4/tub_20150925.mp3
http://feeds.tsf.pt/~r/TSF-TuboEnsaio/~5/E368nOCCb90/tub_20150414.mp3
http://feeds.tsf.pt/~r/TSF-TuboEnsaio/~5/ECUQWWo1XZE/tub_20150630.mp3
http://feeds.tsf.pt/~r/TSF-TuboEnsaio/~5/eMq7kQM-BlY/tub_20150602.mp3
http://feeds.tsf.pt/~r/TSF-TuboEnsaio/~5/EzVKWAKWdG8/tub_20150521.mp3
http://feeds.tsf.pt/~r/TSF-TuboEnsaio/~5/fkwciF3fcNI/tub_20150409.mp3
http://feeds.tsf.pt/~r/TSF-TuboEnsaio/~5/GfPrxDnYh9c/tub_20150415.mp3
http://feeds.tsf.pt/~r/TSF-TuboEnsaio/~5/gVHmslhkUb4/tub_20150623.mp3
http://feeds.tsf.pt/~r/TSF-TuboEnsaio/~5/gy0afbkUrIc/tub_20150504.mp3
http://feeds.tsf.pt/~r/TSF-TuboEnsaio/~5/-H2515ROJ68/tub_20150629.mp3
http://feeds.tsf.pt/~r/TSF-TuboEnsaio/~5/HEh1tbxvbHg/tub_20150518.mp3
http://feeds.tsf.pt/~r/TSF-TuboEnsaio/~5/HJtnqhGw9jY/tub_20150515.mp3
http://feeds.tsf.pt/~r/TSF-TuboEnsaio/~5/ht3pr7at55A/tub_20150608.mp3
http://feeds.tsf.pt/~r/TSF-TuboEnsaio/~5/JpiswNvg4uQ/tub_20150612.mp3
http://feeds.tsf.pt/~r/TSF-TuboEnsaio/~5/JYrGAHkkvjM/tub_20150617.mp3
http://feeds.tsf.pt/~r/TSF-TuboEnsaio/~5/KnC2znjkwo8/tub_20150407.mp3
http://feeds.tsf.pt/~r/TSF-TuboEnsaio/~5/KPvjwOXzHxo/tub_20150619.mp3
http://feeds.tsf.pt/~r/TSF-TuboEnsaio/~5/la42hBil9f8/tub_20150525.mp3
http://feeds.tsf.pt/~r/TSF-TuboEnsaio/~5/N2qQXkN1Ubk/tub_20150430.mp3
http://feeds.tsf.pt/~r/TSF-TuboEnsaio/~5/nlX4Kg6gg5I/tub_20150618.mp3
http://feeds.tsf.pt/~r/TSF-TuboEnsaio/~5/nWddYddN_LM/tub_20150929.mp3
http://feeds.tsf.pt/~r/TSF-TuboEnsaio/~5/NZmKN3eRCs0/tub_20150429.mp3
http://feeds.tsf.pt/~r/TSF-TuboEnsaio/~5/oByQ9WtU56M/tub_20150626.mp3
http://feeds.tsf.pt/~r/TSF-TuboEnsaio/~5/p2IGLSTjrjs/tub_20150513.mp3
http://feeds.tsf.pt/~r/TSF-TuboEnsaio/~5/pFVLZdD2i0Y/tub_20150526.mp3
http://feeds.tsf.pt/~r/TSF-TuboEnsaio/~5/pMJpxPF8M9s/tub_20150511.mp3
http://feeds.tsf.pt/~r/TSF-TuboEnsaio/~5/_psRXfTYXX4/tub_20150610.mp3
http://feeds.tsf.pt/~r/TSF-TuboEnsaio/~5/q9zSSAHKLi8/tub_20151002.mp3
http://feeds.tsf.pt/~r/TSF-TuboEnsaio/~5/QW6AgwZa5wI/tub_20150928.mp3
http://feeds.tsf.pt/~r/TSF-TuboEnsaio/~5/Rux_GFIPgKI/tub_20150527.mp3
http://feeds.tsf.pt/~r/TSF-TuboEnsaio/~5/SZDo4Q_guLw/tub_20150422.mp3
http://feeds.tsf.pt/~r/TSF-TuboEnsaio/~5/TcNiqvSiO1g/tub_20150921.mp3
http://feeds.tsf.pt/~r/TSF-TuboEnsaio/~5/U1Zz8IjQTX4/tub_20150529.mp3
http://feeds.tsf.pt/~r/TSF-TuboEnsaio/~5/v0CdFp0ZZ0U/tub_20150601.mp3
http://feeds.tsf.pt/~r/TSF-TuboEnsaio/~5/VSLjUzpIv8U/tub_20150703.mp3
http://feeds.tsf.pt/~r/TSF-TuboEnsaio/~5/VY1H0SOl-po/tub_20150507.mp3
http://feeds.tsf.pt/~r/TSF-TuboEnsaio/~5/VyabkheY-MA/tub_20150616.mp3
http://feeds.tsf.pt/~r/TSF-TuboEnsaio/~5/wJQouY0ejl4/tub_20150622.mp3
http://feeds.tsf.pt/~r/TSF-TuboEnsaio/~5/XbvCkW-UYFc/tub_20150423.mp3
http://feeds.tsf.pt/~r/TSF-TuboEnsaio/~5/XpJIwJunjWw/tub_20150508.mp3
http://feeds.tsf.pt/~r/TSF-TuboEnsaio/~5/YHfzosWQ4S4/tub_20150625.mp3
http://feeds.tsf.pt/~r/TSF-TuboEnsaio/~5/YU3bMiSThgo/tub_20150603.mp3
http://feeds.tsf.pt/~r/TSF-TuboEnsaio/~5/ZNVs13tmfzM/tub_20150519.mp3
http://podcasts.rtp.pt/nas2.share/wavrss/at1/1802/OAmor048_5136822-1802280918.mp3
http://podcasts.rtp.pt/nas2.share/wavrss/at1/1802/OAmor049_5136823-1802280924.mp3
http://podcasts.rtp.pt/nas2.share/wavrss/at1/1802/OAmor050_5136824-1802280924.mp3
http://podcasts.rtp.pt/nas2.share/wavrss/at1/1802/voltadoslivros047_5124582-1802211024.mp3
http://podcasts.rtp.pt/nas2.share/wavrss/at1/1802/voltadoslivros048_5124583-1802211024.mp3
http://podcasts.rtp.pt/nas2.share/wavrss/at1/1802/voltadoslivros049_5124576-1802211024.mp3
http://podcasts.rtp.pt/nas2.share/wavrss/at1/1803/DiasdoAvesso046_5142312-1803021654.mp3
http://podcasts.rtp.pt/nas2.share/wavrss/at1/1803/DiasdoAvesso047_5145602-1803051818.mp3
http://podcasts.rtp.pt/nas2.share/wavrss/at1/1803/DiasdoAvesso048_5145606-1803051823.mp3
http://podcasts.rtp.pt/nas2.share/wavrss/at1/1803/DiasdoAvesso049_5145605-1803051829.mp3
http://podcasts.rtp.pt/nas2.share/wavrss/at1/1803/DiasdoAvesso050_5145604-1803051829.mp3
http://podcasts.rtp.pt/nas2.share/wavrss/at1/1803/DiasdoAvesso051_5145603-1803051829.mp3
http://podcasts.rtp.pt/nas2.share/wavrss/at1/1803/DiasdoAvesso052_5158422-1803121631.mp3
http://podcasts.rtp.pt/nas2.share/wavrss/at1/1803/DiasdoAvesso053_5158420-1803121631.mp3
http://podcasts.rtp.pt/nas2.share/wavrss/at1/1803/DiasdoAvesso054_5158419-1803121631.mp3
http://podcasts.rtp.pt/nas2.share/wavrss/at1/1803/DiasdoAvesso055_5158418-1803121631.mp3
http://podcasts.rtp.pt/nas2.share/wavrss/at1/1803/DiasdoAvesso056_5158421-1803121631.mp3
http://podcasts.rtp.pt/nas2.share/wavrss/at1/1803/DiasdoAvesso057_5170346-1803191833.mp3
http://podcasts.rtp.pt/nas2.share/wavrss/at1/1803/DiasdoAvesso058_5173157-1803201703.mp3
http://podcasts.rtp.pt/nas2.share/wavrss/at1/1803/DiasdoAvesso059_5173156-1803201708.mp3
http://podcasts.rtp.pt/nas2.share/wavrss/at1/1803/DiasdoAvesso060_5173158-1803201708.mp3
http://podcasts.rtp.pt/nas2.share/wavrss/at1/1803/DiasdoAvesso061_5173159-1803201708.mp3
http://podcasts.rtp.pt/nas2.share/wavrss/at1/1803/DiasdoAvesso062_5183280-1803261838.mp3
http://podcasts.rtp.pt/nas2.share/wavrss/at1/1803/DiasdoAvesso063_5184935-1803271923.mp3
http://podcasts.rtp.pt/nas2.share/wavrss/at1/1803/DiasdoAvesso064_5184937-1803271923.mp3
http://podcasts.rtp.pt/nas2.share/wavrss/at1/1803/DiasdoAvesso065_5184934-1803271923.mp3
http://podcasts.rtp.pt/nas2.share/wavrss/at1/1803/DiasdoAvesso066_5184936-1803271923.mp3
http://podcasts.rtp.pt/nas2.share/wavrss/at1/1803/OAmor051_5153277-1803081449.mp3
http://podcasts.rtp.pt/nas2.share/wavrss/at1/1803/OAmor052_5153278-1803081449.mp3
http://podcasts.rtp.pt/nas2.share/wavrss/at1/1803/OAmor053_5153279-1803081449.mp3
http://podcasts.rtp.pt/nas2.share/wavrss/at1/1803/OAmor054_5153280-1803081449.mp3
http://podcasts.rtp.pt/nas2.share/wavrss/at1/1803/OAmor055_5153281-1803081449.mp3
http://podcasts.rtp.pt/nas2.share/wavrss/at1/1803/OAmor056_5165596-1803151759.mp3
http://podcasts.rtp.pt/nas2.share/wavrss/at1/1803/OAmor057_5165597-1803151759.mp3
http://podcasts.rtp.pt/nas2.share/wavrss/at1/1803/OAmor058_5165598-1803151759.mp3
http://podcasts.rtp.pt/nas2.share/wavrss/at1/1803/OAmor059_5165599-1803151759.mp3
http://podcasts.rtp.pt/nas2.share/wavrss/at1/1803/OAmor060_5165600-1803151759.mp3
http://podcasts.rtp.pt/nas2.share/wavrss/at1/1803/OAmor061_5180067-1803231955.mp3
http://podcasts.rtp.pt/nas2.share/wavrss/at1/1803/OAmor062_5180068-1803231955.mp3
http://podcasts.rtp.pt/nas2.share/wavrss/at1/1803/OAmor063_5180069-1803231955.mp3
http://podcasts.rtp.pt/nas2.share/wavrss/at1/1803/OAmor064_5180070-1803231955.mp3
http://podcasts.rtp.pt/nas2.share/wavrss/at1/1803/OAmor065_5180071-1803231955.mp3
http://podcasts.rtp.pt/nas2.share/wavrss/at1/1803/OAmor066_5189609-1803291155.mp3
http://podcasts.rtp.pt/nas2.share/wavrss/at1/1803/OAmor067_5189610-1803291155.mp3
http://podcasts.rtp.pt/nas2.share/wavrss/at1/1803/OAmor068_5189611-1803291201.mp3
http://podcasts.rtp.pt/nas2.share/wavrss/at1/1803/OAmor069_5189612-1803291201.mp3
http://podcasts.rtp.pt/nas2.share/wavrss/at1/1803/OAmor070_5189613-1803291201.mp3
http://podcasts.rtp.pt/nas2.share/wavrss/at1/1803/voltadoslivros050_5152441-1803080805.mp3
http://podcasts.rtp.pt/nas2.share/wavrss/at1/1803/voltadoslivros051_5152440-1803080805.mp3
http://podcasts.rtp.pt/nas2.share/wavrss/at1/1803/voltadoslivros052_5152437-1803080805.mp3
http://podcasts.rtp.pt/nas2.share/wavrss/at1/1803/voltadoslivros053_5152438-1803080805.mp3
http://podcasts.rtp.pt/nas2.share/wavrss/at1/1803/voltadoslivros054_5152439-1803080805.mp3
http://podcasts.rtp.pt/nas2.share/wavrss/at1/1803/voltadoslivros055_5154631-1803091149.mp3
http://podcasts.rtp.pt/nas2.share/wavrss/at1/1803/voltadoslivros056_5154626-1803091149.mp3
http://podcasts.rtp.pt/nas2.share/wavrss/at1/1803/voltadoslivros057_5154627-1803091149.mp3
http://podcasts.rtp.pt/nas2.share/wavrss/at1/1803/voltadoslivros058_5154628-1803091149.mp3
http://podcasts.rtp.pt/nas2.share/wavrss/at1/1803/voltadoslivros059_5154629-1803091149.mp3
http://podcasts.rtp.pt/nas2.share/wavrss/at1/1803/voltadoslivros060_5154630-1803091149.mp3
http://podcasts.rtp.pt/nas2.share/wavrss/at1/1803/voltadoslivros061_5178898-1803231018.mp3
http://podcasts.rtp.pt/nas2.share/wavrss/at1/1803/voltadoslivros062_5178899-1803231018.mp3
http://podcasts.rtp.pt/nas2.share/wavrss/at1/1803/voltadoslivros063_5178900-1803231018.mp3
http://podcasts.rtp.pt/nas2.share/wavrss/at1/1803/voltadoslivros064_5178901-1803231018.mp3
http://podcasts.rtp.pt/nas2.share/wavrss/at1/1803/voltadoslivros065_5178902-1803231018.mp3
http://podcasts.rtp.pt/nas2.share/wavrss/at1/1803/voltadoslivros066_5184133-1803271151.mp3
http://podcasts.rtp.pt/nas2.share/wavrss/at1/1803/voltadoslivros067_5184134-1803271151.mp3
http://podcasts.rtp.pt/nas2.share/wavrss/at1/1803/voltadoslivros068_5184136-1803271151.mp3
http://podcasts.rtp.pt/nas2.share/wavrss/at1/1803/voltadoslivros069_5184137-1803271151.mp3
http://podcasts.rtp.pt/nas2.share/wavrss/at1/1803/voltadoslivros070_5184135-1803271151.mp3
http://podcasts.rtp.pt/nas2.share/wavrss/at1/1803/voltadoslivros071_5186118-1803281109.mp3
http://podcasts.rtp.pt/nas2.share/wavrss/at1/1803/voltadoslivros072_5186119-1803281109.mp3
http://podcasts.rtp.pt/nas2.share/wavrss/at1/1803/voltadoslivros073_5186115-1803281109.mp3
http://podcasts.rtp.pt/nas2.share/wavrss/at1/1803/voltadoslivros074_5186116-1803281109.mp3
http://podcasts.rtp.pt/nas2.share/wavrss/at1/1803/voltadoslivros075_5186117-1803281114.mp3
http://podcasts.rtp.pt/nas2.share/wavrss/at1/1804/DiasdoAvesso067_5198157-1804041834.mp3
http://podcasts.rtp.pt/nas2.share/wavrss/at1/1804/DiasdoAvesso068_5198158-1804041834.mp3
http://podcasts.rtp.pt/nas2.share/wavrss/at1/1804/DiasdoAvesso069_5198161-1804041839.mp3
http://podcasts.rtp.pt/nas2.share/wavrss/at1/1804/DiasdoAvesso070_5198160-1804041839.mp3
http://podcasts.rtp.pt/nas2.share/wavrss/at1/1804/DiasdoAvesso071_5198159-1804041839.mp3
http://podcasts.rtp.pt/nas2.share/wavrss/at1/1804/DiasdoAvesso072_5207945-1804101537.mp3
http://podcasts.rtp.pt/nas2.share/wavrss/at1/1804/DiasdoAvesso073_5207944-1804101537.mp3
http://podcasts.rtp.pt/nas2.share/wavrss/at1/1804/DiasdoAvesso074_5210734-1804111914.mp3
http://podcasts.rtp.pt/nas2.share/wavrss/at1/1804/DiasdoAvesso075_5213588-1804121857.mp3
http://podcasts.rtp.pt/nas2.share/wavrss/at1/1804/DiasdoAvesso076_5213587-1804121857.mp3
http://podcasts.rtp.pt/nas2.share/wavrss/at1/1804/DiasdoAvesso077_5218862-1804161651.mp3
http://podcasts.rtp.pt/nas2.share/wavrss/at1/1804/DiasdoAvesso078_5218864-1804161651.mp3
http://podcasts.rtp.pt/nas2.share/wavrss/at1/1804/DiasdoAvesso079_5218863-1804161651.mp3
http://podcasts.rtp.pt/nas2.share/wavrss/at1/1804/DiasdoAvesso080_5218865-1804161651.mp3
http://podcasts.rtp.pt/nas2.share/wavrss/at1/1804/DiasdoAvesso081_5218866-1804161657.mp3
http://podcasts.rtp.pt/nas2.share/wavrss/at1/1804/DiasdoAvesso082_5231226-1804231940.mp3
http://podcasts.rtp.pt/nas2.share/wavrss/at1/1804/DiasdoAvesso083_5234140-1804241757.mp3
http://podcasts.rtp.pt/nas2.share/wavrss/at1/1804/DiasdoAvesso084_5234141-1804241757.mp3
http://podcasts.rtp.pt/nas2.share/wavrss/at1/1804/DiasdoAvesso085_5234138-1804241757.mp3
http://podcasts.rtp.pt/nas2.share/wavrss/at1/1804/DiasdoAvesso086_5234137-1804241757.mp3
http://podcasts.rtp.pt/nas2.share/wavrss/at1/1804/DiasdoAvesso087_5234139-1804241757.mp3
http://podcasts.rtp.pt/nas2.share/wavrss/at1/1804/DiasdoAvesso089_5241703-1804301608.mp3
http://podcasts.rtp.pt/nas2.share/wavrss/at1/1804/DiasdoAvesso090_5241705-1804301608.mp3
http://podcasts.rtp.pt/nas2.share/wavrss/at1/1804/DiasdoAvesso091_5241704-1804301608.mp3
http://podcasts.rtp.pt/nas2.share/wavrss/at1/1804/OAmor071_5199910-1804051552.mp3
http://podcasts.rtp.pt/nas2.share/wavrss/at1/1804/OAmor072_5199911-1804051552.mp3
http://podcasts.rtp.pt/nas2.share/wavrss/at1/1804/OAmor073_5199912-1804051552.mp3
http://podcasts.rtp.pt/nas2.share/wavrss/at1/1804/OAmor074_5199913-1804051552.mp3
http://podcasts.rtp.pt/nas2.share/wavrss/at1/1804/OAmor075_5199914-1804051552.mp3
http://podcasts.rtp.pt/nas2.share/wavrss/at1/1804/OAmor076_5213165-1804121709.mp3
http://podcasts.rtp.pt/nas2.share/wavrss/at1/1804/OAmor077_5213166-1804121709.mp3
http://podcasts.rtp.pt/nas2.share/wavrss/at1/1804/OAmor078_5213167-1804121709.mp3
http://podcasts.rtp.pt/nas2.share/wavrss/at1/1804/OAmor079_5213168-1804121709.mp3
http://podcasts.rtp.pt/nas2.share/wavrss/at1/1804/OAmor080_5213169-1804121709.mp3
http://podcasts.rtp.pt/nas2.share/wavrss/at1/1804/OAmor081_5225706-1804191716.mp3
http://podcasts.rtp.pt/nas2.share/wavrss/at1/1804/OAmor082_5225707-1804191716.mp3
http://podcasts.rtp.pt/nas2.share/wavrss/at1/1804/OAmor083_5225708-1804191716.mp3
http://podcasts.rtp.pt/nas2.share/wavrss/at1/1804/OAmor084_5225704-1804191716.mp3
http://podcasts.rtp.pt/nas2.share/wavrss/at1/1804/OAmor085_5225705-1804191716.mp3
http://podcasts.rtp.pt/nas2.share/wavrss/at1/1804/OAmor086_5236406-1804261416.mp3
http://podcasts.rtp.pt/nas2.share/wavrss/at1/1804/OAmor087_5236407-1804261416.mp3
http://podcasts.rtp.pt/nas2.share/wavrss/at1/1804/OAmor088_5236408-1804261416.mp3
http://podcasts.rtp.pt/nas2.share/wavrss/at1/1804/OAmor089_5236409-1804261416.mp3
http://podcasts.rtp.pt/nas2.share/wavrss/at1/1804/OAmor090_5236410-1804261416.mp3
http://podcasts.rtp.pt/nas2.share/wavrss/at1/1804/voltadoslivros076_5206894-1804100921.mp3
http://podcasts.rtp.pt/nas2.share/wavrss/at1/1804/voltadoslivros077_5206895-1804100927.mp3
http://podcasts.rtp.pt/nas2.share/wavrss/at1/1804/voltadoslivros078_5206892-1804100927.mp3
http://podcasts.rtp.pt/nas2.share/wavrss/at1/1804/voltadoslivros079_5206893-1804100927.mp3
http://podcasts.rtp.pt/nas2.share/wavrss/at1/1804/voltadoslivros080_5206896-1804100927.mp3
http://podcasts.rtp.pt/nas2.share/wavrss/at1/1804/voltadoslivros081_5222641-1804181144.mp3
http://podcasts.rtp.pt/nas2.share/wavrss/at1/1804/voltadoslivros082_5222637-1804181144.mp3
http://podcasts.rtp.pt/nas2.share/wavrss/at1/1804/voltadoslivros083_5222638-1804181144.mp3
http://podcasts.rtp.pt/nas2.share/wavrss/at1/1804/voltadoslivros084_5222639-1804181144.mp3
http://podcasts.rtp.pt/nas2.share/wavrss/at1/1804/voltadoslivros085_5222640-1804181144.mp3
http://podcasts.rtp.pt/nas2.share/wavrss/at1/1804/voltadoslivros086_5236021-1804261135.mp3
http://podcasts.rtp.pt/nas2.share/wavrss/at1/1804/voltadoslivros087_5236024-1804261135.mp3
http://podcasts.rtp.pt/nas2.share/wavrss/at1/1804/voltadoslivros088_5236023-1804261141.mp3
http://podcasts.rtp.pt/nas2.share/wavrss/at1/1804/voltadoslivros089_5236025-1804261141.mp3
http://podcasts.rtp.pt/nas2.share/wavrss/at1/1804/voltadoslivros090_5236022-1804261141.mp3
http://podcasts.rtp.pt/nas2.share/wavrss/at1/1805/DiasdoAvesso088_5245086-1805021716.mp3
http://podcasts.rtp.pt/nas2.share/wavrss/at1/1805/DiasdoAvesso092_5252095-1805071319.mp3
http://podcasts.rtp.pt/nas2.share/wavrss/at1/1805/DiasdoAvesso093_5252094-1805071319.mp3
http://podcasts.rtp.pt/nas2.share/wavrss/at1/1805/DiasdoAvesso094_5252093-1805071319.mp3
http://podcasts.rtp.pt/nas2.share/wavrss/at1/1805/DiasdoAvesso095_5252092-1805071319.mp3
http://podcasts.rtp.pt/nas2.share/wavrss/at1/1805/DiasdoAvesso096_5252091-1805071325.mp3
http://podcasts.rtp.pt/nas2.share/wavrss/at1/1805/DiasdoAvesso097_5265620-1805141325.mp3
http://podcasts.rtp.pt/nas2.share/wavrss/at1/1805/DiasdoAvesso098_5265624-1805141325.mp3
http://podcasts.rtp.pt/nas2.share/wavrss/at1/1805/DiasdoAvesso099_5265623-1805141325.mp3
http://podcasts.rtp.pt/nas2.share/wavrss/at1/1805/DiasdoAvesso100_5265622-1805141325.mp3
http://podcasts.rtp.pt/nas2.share/wavrss/at1/1805/DiasdoAvesso101_5265621-1805141325.mp3
http://podcasts.rtp.pt/nas2.share/wavrss/at1/1805/DiasdoAvesso102_5278077-1805211856.mp3
http://podcasts.rtp.pt/nas2.share/wavrss/at1/1805/DiasdoAvesso103_5279880-1805221911.mp3
http://podcasts.rtp.pt/nas2.share/wavrss/at1/1805/DiasdoAvesso104_5279878-1805221911.mp3
http://podcasts.rtp.pt/nas2.share/wavrss/at1/1805/DiasdoAvesso105_5279877-1805221911.mp3
http://podcasts.rtp.pt/nas2.share/wavrss/at1/1805/OAmor091_5246930-1805031355.mp3
http://podcasts.rtp.pt/nas2.share/wavrss/at1/1805/OAmor092_5246931-1805031355.mp3
http://podcasts.rtp.pt/nas2.share/wavrss/at1/1805/OAmor093_5246927-1805031355.mp3
http://podcasts.rtp.pt/nas2.share/wavrss/at1/1805/OAmor094_5246928-1805031355.mp3
http://podcasts.rtp.pt/nas2.share/wavrss/at1/1805/OAmor095_5246929-1805031355.mp3
http://podcasts.rtp.pt/nas2.share/wavrss/at1/1805/OAmor096_5259863-1805101551.mp3
http://podcasts.rtp.pt/nas2.share/wavrss/at1/1805/OAmor097_5259864-1805101551.mp3
http://podcasts.rtp.pt/nas2.share/wavrss/at1/1805/OAmor098_5259865-1805101551.mp3
http://podcasts.rtp.pt/nas2.share/wavrss/at1/1805/OAmor099_5259866-1805101551.mp3
http://podcasts.rtp.pt/nas2.share/wavrss/at1/1805/OAmor100_5259867-1805101551.mp3
http://podcasts.rtp.pt/nas2.share/wavrss/at1/1805/OAmor101_5270840-1805162126.mp3
http://podcasts.rtp.pt/nas2.share/wavrss/at1/1805/OAmor102_5270841-1805162131.mp3
http://podcasts.rtp.pt/nas2.share/wavrss/at1/1805/OAmor103_5270842-1805162131.mp3
http://podcasts.rtp.pt/nas2.share/wavrss/at1/1805/OAmor104_5270843-1805162131.mp3
http://podcasts.rtp.pt/nas2.share/wavrss/at1/1805/OAmor105_5270844-1805162131.mp3
http://podcasts.rtp.pt/nas2.share/wavrss/at1/1805/OAmor106_5286386-1805251334.mp3
http://podcasts.rtp.pt/nas2.share/wavrss/at1/1805/OAmor107_5286387-1805251334.mp3
http://podcasts.rtp.pt/nas2.share/wavrss/at1/1805/voltadoslivros091_5243868-1805020957.mp3
http://podcasts.rtp.pt/nas2.share/wavrss/at1/1805/voltadoslivros092_5243869-1805020957.mp3
http://podcasts.rtp.pt/nas2.share/wavrss/at1/1805/voltadoslivros093_5243870-1805020957.mp3
http://podcasts.rtp.pt/nas2.share/wavrss/at1/1805/voltadoslivros094_5243871-1805020957.mp3
http://podcasts.rtp.pt/nas2.share/wavrss/at1/1805/voltadoslivros095_5243872-1805020957.mp3
http://podcasts.rtp.pt/nas2.share/wavrss/at1/1805/voltadoslivros096_5258895-1805101112.mp3
http://podcasts.rtp.pt/nas2.share/wavrss/at1/1805/voltadoslivros097_5258897-1805101112.mp3
http://podcasts.rtp.pt/nas2.share/wavrss/at1/1805/voltadoslivros098_5258898-1805101112.mp3
http://podcasts.rtp.pt/nas2.share/wavrss/at1/1805/voltadoslivros099_5258896-1805101112.mp3
http://podcasts.rtp.pt/nas2.share/wavrss/at1/1805/voltadoslivros100_5258899-1805101112.mp3
http://podcasts.rtp.pt/nas2.share/wavrss/at1/1805/voltadoslivros101_5265195-1805141044.mp3
http://podcasts.rtp.pt/nas2.share/wavrss/at1/1805/voltadoslivros102_5265193-1805141044.mp3
http://podcasts.rtp.pt/nas2.share/wavrss/at1/1805/voltadoslivros103_5265196-1805141044.mp3
http://podcasts.rtp.pt/nas2.share/wavrss/at1/1805/voltadoslivros104_5265194-1805141044.mp3
http://podcasts.rtp.pt/nas2.share/wavrss/at1/1805/voltadoslivros105_5265197-1805141050.mp3
http://podcasts.rtp.pt/nas2.share/wavrss/at1/1805/voltadoslivros106_5281064-1805230929.mp3
http://podcasts.rtp.pt/nas2.share/wavrss/at3/1803/5146883_257171-1803052153.mp3
http://podcasts.rtp.pt/nas2.share/wavrss/at3/1803/5152877_257420-1803081124.mp3
http://podcasts.rtp.pt/nas2.share/wavrss/at3/1803/5152878_257421-1803081129.mp3
http://podcasts.rtp.pt/nas2.share/wavrss/at3/1803/5155983_257637-1803091918.mp3
http://podcasts.rtp.pt/nas2.share/wavrss/at3/1803/5156165_257643-1803092032.mp3
http://podcasts.rtp.pt/nas2.share/wavrss/at3/1803/5158957_257781-1803122054.mp3
http://podcasts.rtp.pt/nas2.share/wavrss/at3/1803/5161227_257867-1803132301.mp3
http://podcasts.rtp.pt/nas2.share/wavrss/at3/1803/5161243_257872-1803132326.mp3
http://podcasts.rtp.pt/nas2.share/wavrss/at3/1803/5163513_257977-1803142029.mp3
http://podcasts.rtp.pt/nas2.share/wavrss/at3/1803/5171234_258446-1803192028.mp3
http://podcasts.rtp.pt/nas2.share/wavrss/at3/1803/5171235_258447-1803192033.mp3
http://podcasts.rtp.pt/nas2.share/wavrss/at3/1803/5175952_258647-1803212029.mp3
http://podcasts.rtp.pt/nas2.share/wavrss/at3/1803/5175954_258646-1803212024.mp3
http://podcasts.rtp.pt/nas2.share/wavrss/at3/1803/5178189_258789-1803222030.mp3
http://podcasts.rtp.pt/nas2.share/wavrss/at3/1803/5180158_258968-1803232038.mp3
http://podcasts.rtp.pt/nas2.share/wavrss/at3/1803/5183441_259126-1803262023.mp3
http://podcasts.rtp.pt/nas2.share/wavrss/at3/1803/5185461_259326-1803272145.mp3
http://podcasts.rtp.pt/nas2.share/wavrss/at3/1803/5188402_259438-1803282048.mp3
http://podcasts.rtp.pt/nas2.share/wavrss/at3/1803/5190566_259617-1803292031.mp3
http://podcasts.rtp.pt/nas2.share/wavrss/at3/1803/5190567_259618-1803292036.mp3
http://podcasts.rtp.pt/nas2.share/wavrss/at3/1804/5193982_259809-1804022025.mp3
http://podcasts.rtp.pt/nas2.share/wavrss/at3/1804/5196172_259921-1804032157.mp3
http://podcasts.rtp.pt/nas2.share/wavrss/at3/1804/5198392_260035-1804042024.mp3
http://podcasts.rtp.pt/nas2.share/wavrss/at3/1804/5201249_260123-1804052028.mp3
http://podcasts.rtp.pt/nas2.share/wavrss/at3/1804/5206428_260406-1804092025.mp3
http://podcasts.rtp.pt/nas2.share/wavrss/at3/1804/5208907_260562-1804102025.mp3
http://podcasts.rtp.pt/nas2.share/wavrss/at3/1804/5211459_260663-1804112025.mp3
http://podcasts.rtp.pt/nas2.share/wavrss/at3/1804/5213786_260792-1804122019.mp3
http://podcasts.rtp.pt/nas2.share/wavrss/at3/1804/5216280_260944-1804132031.mp3
http://podcasts.rtp.pt/nas2.share/wavrss/at3/1804/5219475_261093-1804162022.mp3
http://podcasts.rtp.pt/nas2.share/wavrss/at3/1804/5221860_261225-1804172145.mp3
http://podcasts.rtp.pt/nas2.share/wavrss/at3/1804/5223776_261301-1804182025.mp3
http://podcasts.rtp.pt/nas2.share/wavrss/at3/1804/5223778_261300-1804182025.mp3
http://podcasts.rtp.pt/nas2.share/wavrss/at3/1804/5226141_261403-1804192029.mp3
http://podcasts.rtp.pt/nas2.share/wavrss/at3/1804/5231925_261766-1804232015.mp3
http://podcasts.rtp.pt/nas2.share/wavrss/at3/1804/5234446_261873-1804242139.mp3
http://podcasts.rtp.pt/nas2.share/wavrss/at3/1804/5234447_261874-1804242144.mp3
http://podcasts.rtp.pt/nas2.share/wavrss/at3/1804/5237342_262020-1804262033.mp3
http://podcasts.rtp.pt/nas2.share/wavrss/at3/1805/5245580_262547-1805022212.mp3
http://podcasts.rtp.pt/nas2.share/wavrss/at3/1805/5247788_262646-1805032028.mp3
http://podcasts.rtp.pt/nas2.share/wavrss/at3/1805/5247819_262647-1805032033.mp3
http://podcasts.rtp.pt/nas2.share/wavrss/at3/1805/5247831_262645-1805032023.mp3
http://podcasts.rtp.pt/nas2.share/wavrss/at3/1805/5250060_262783-1805042027.mp3
http://podcasts.rtp.pt/nas2.share/wavrss/at3/1805/5252972_262940-1805072023.mp3
http://podcasts.rtp.pt/nas2.share/wavrss/at3/1805/5256064_263062-1805082140.mp3
http://podcasts.rtp.pt/nas2.share/wavrss/at3/1805/5258137_263151-1805092020.mp3
http://podcasts.rtp.pt/nas2.share/wavrss/at3/1805/5260807_263269-1805102022.mp3
http://podcasts.rtp.pt/nas2.share/wavrss/at3/1805/5263031_263410-1805112022.mp3
http://podcasts.rtp.pt/nas2.share/wavrss/at3/1805/5266389_263540-1805142020.mp3
http://podcasts.rtp.pt/nas2.share/wavrss/at3/1805/5268635_263660-1805152127.mp3
http://podcasts.rtp.pt/nas2.share/wavrss/at3/1805/5270751_263740-1805162030.mp3
http://podcasts.rtp.pt/nas2.share/wavrss/at3/1805/5270752_263741-1805162035.mp3
http://podcasts.rtp.pt/nas2.share/wavrss/at3/1805/5273186_263864-1805172208.mp3
http://podcasts.rtp.pt/nas2.share/wavrss/at3/1805/5278197_264134-1805212016.mp3
http://podcasts.rtp.pt/nas2.share/wavrss/at3/1805/5280602_264253-1805222141.mp3
http://podcasts.rtp.pt/nas2.share/wavrss/at3/1805/5282921_264389-1805232022.mp3
http://podcasts.rtp.pt/nas2.share/wavrss/at3/1805/5287248_264631-1805252055.mp3
http://podcasts.rtp.pt/nas2.share/wavrss/at3/1805/5289525_264734-1805281445.mp3
http://podcasts.rtp.pt/nas2.share/wavrss/at3/1805/5290016_264768-1805281958.mp3
http://podcasts.rtp.pt/nas2.share/wavrss/at3/1805/5290240_264787-1805282122.mp3
http://radio-download.dw.com/Events/podcasts/de/1086_podcast_kalenderblatt/0510-podcast-1086-513.mp3
http://radio-download.dw.com/Events/podcasts/de/1086_podcast_kalenderblatt/0511-podcast-1086-1751.mp3
http://radio-download.dw.com/Events/podcasts/de/1086_podcast_kalenderblatt/0512-podcast-1086-1261.mp3
http://radio-download.dw.com/Events/podcasts/de/1086_podcast_kalenderblatt/0513-podcast-1086-889.mp3
http://radio-download.dw.com/Events/podcasts/de/1086_podcast_kalenderblatt/0514-podcast-1086-1754.mp3
http://radio-download.dw.com/Events/podcasts/de/1086_podcast_kalenderblatt/0515-podcast-1086-891.mp3
http://radio-download.dw.com/Events/podcasts/de/1086_podcast_kalenderblatt/0516-podcast-1086-1755.mp3
http://radio-download.dw.com/Events/podcasts/de/1086_podcast_kalenderblatt/0517-podcast-1086-1756.mp3
http://radio-download.dw.com/Events/podcasts/de/1086_podcast_kalenderblatt/0518-podcast-1086-527.mp3
http://radio-download.dw.com/Events/podcasts/de/1086_podcast_kalenderblatt/0519-podcast-1086-515.mp3
http://radio-download.dw.com/Events/podcasts/de/1086_podcast_kalenderblatt/0520-podcast-1086-896.mp3
http://radio-download.dw.com/Events/podcasts/de/1086_podcast_kalenderblatt/0521-podcast-1086-517.mp3
http://radio-download.dw.com/Events/podcasts/de/1086_podcast_kalenderblatt/0522-podcast-1086-1757.mp3
http://radio-download.dw.com/Events/podcasts/de/1086_podcast_kalenderblatt/0523-podcast-1086-1283.mp3
http://radio-download.dw.com/Events/podcasts/de/1086_podcast_kalenderblatt/0524-podcast-1086-1758.mp3
http://radio-download.dw.com/Events/podcasts/de/1086_podcast_kalenderblatt/0525-podcast-1086-531.mp3
http://radio-download.dw.com/Events/podcasts/de/1086_podcast_kalenderblatt/0526-podcast-1086-1266.mp3
http://radio-download.dw.com/Events/podcasts/de/1086_podcast_kalenderblatt/0527-podcast-1086-1759.mp3
http://radio-download.dw.com/Events/podcasts/de/1086_podcast_kalenderblatt/0528-podcast-1086-1760.mp3
http://radio-download.dw.com/Events/podcasts/de/1086_podcast_kalenderblatt/0529-podcast-1086-1761.mp3
