
http://tv-download.dw.de/dwtv_video/flv/vdt_de/2013/vdtde20131015_kiribati_sd_avc.mp4
http://tv-download.dw.de/Events/mp4/gld/gld20130603_snack_sd.mp4
http://tv-download.dw.de/Events/mp4/gld/gld20131014_fragebogennepal_sd.mp4
http://tv-download.dw.de/Events/mp4/gld/gld20131014_ruanda_sd.mp4
http://tv-download.dw.de/Events/mp4/gld/gld20131020_globalideascostarica_sd.mp4
http://tv-download.dw.de/Events/mp4/gld/gld20131020_mosambik_sd.mp4
http://tv-download.dw.de/Events/mp4/gld/gld20131028_fragebogenthailand_sd.mp4
http://tv-download.dw.de/Events/mp4/gld/gld20140120_monobloc_sd.mp4
http://tv-download.dw.de/Events/mp4/gld/gld20140120_plastik_sd.mp4
http://tv-download.dw.de/Events/mp4/gld/gld20140120_uganda_sd.mp4
http://tv-download.dw.de/Events/mp4/gld/gld20140120_youngglobal_sd.mp4
http://tv-download.dw.de/Events/mp4/gld/gld20140203_ecuador_sd.mp4
http://tv-download.dw.de/Events/mp4/gld/gld20140203_festival_sd.mp4
http://tv-download.dw.de/Events/mp4/gld/gld20140203_indonesien_sd.mp4
http://tv-download.dw.de/Events/mp4/gld/gld20140210_fragebogen_sd.mp4
http://tv-download.dw.de/Events/mp4/gld/gld20140217_liberianeuneu_sd.mp4
http://tv-download.dw.de/Events/mp4/gld/gld20140217_saudiarabien_sd.mp4
http://tv-download.dw.de/Events/mp4/gld/gld20140224_duerre_sd.mp4
http://tv-download.dw.de/Events/mp4/gld/gld20140303_fragebogen_sd.mp4
http://tv-download.dw.de/Events/mp4/gld/gld20140303_uganda_sd.mp4
http://tv-download.dw.de/Events/mp4/gld/gld20140303_wissenschaft_sd.mp4
http://tv-download.dw.de/Events/mp4/gld/gld20140310_syrien_sd.mp4
http://tv-download.dw.de/Events/mp4/gld/gld20140310_tansania_sd.mp4
http://tv-download.dw.de/Events/mp4/gld/gld20140310_wohnzimmernashville_sd.mp4
http://tv-download.dw.de/Events/mp4/gld/gld20140317_ghana_sd.mp4
http://tv-download.dw.de/Events/mp4/gld/gld20140317_ukrainer_sd.mp4
http://tv-download.dw.de/Events/mp4/gld/gld20140324_bananen_sd.mp4
http://tv-download.dw.de/Events/mp4/gld/gld20140324_fragebogen_sd.mp4
http://tv-download.dw.de/Events/mp4/gld/gld20140324_medizin_sd.mp4
http://tv-download.dw.de/Events/mp4/gld/gld20140331_globalleader_sd.mp4
http://tv-download.dw.de/Events/mp4/gld/gld20140331_wissenschaftler_sd.mp4
http://tv-download.dw.de/Events/mp4/gld/gld20140407_globalbrain_sd.mp4
http://tv-download.dw.de/Events/mp4/gld/gld20140414_globalsnack_sd.mp4
http://tv-download.dw.de/Events/mp4/gld/gld20140421_sichererhafen_sd.mp4
http://tv-download.dw.de/Events/mp4/gld/gld20140421_wortewaffen_sd.mp4
http://tv-download.dw.de/Events/mp4/gld/gld20140505_fragebogenlibanon_sd.mp4
http://tv-download.dw.de/Events/mp4/gld/gld20140505_malawi_sd.mp4
http://tv-download.dw.de/Events/mp4/gld/gld20140505_panama_sd.mp4
http://tv-download.dw.de/Events/mp4/gld/gld20140512_globalsnackpiroggen_sd.mp4
http://tv-download.dw.de/Events/mp4/gld/gld20140512_israel_sd.mp4
http://tv-download.dw.de/Events/mp4/gld/gld20140519_afghanistan_sd.mp4
http://tv-download.dw.de/Events/mp4/gld/gld20140519_mexiko_sd.mp4
http://tv-download.dw.de/Events/mp4/gld/gld20140526_3d_sd.mp4
http://tv-download.dw.de/Events/mp4/gld/gld20140526_hacker_sd.mp4
http://tv-download.dw.de/Events/mp4/gld/gld20140526_snack_sd.mp4
http://tv-download.dw.de/Events/mp4/gld/gld20140602_gewerkschaft_sd.mp4
http://tv-download.dw.de/Events/mp4/gld/gld20140602_hawaii_sd.mp4
http://tv-download.dw.de/Events/mp4/gld/gld20140602_wohnzimmernairobi_sd.mp4
http://tv-download.dw.de/Events/mp4/gld/gld20140609_ghana_sd.mp4
http://tv-download.dw.de/Events/mp4/gld/gld20140609_kolumbien_sd.mp4
http://tv-download.dw.de/Events/mp4/gld/gld20140623_tuerkei_sd.mp4
http://tv-download.dw.de/Events/mp4/gld/gld20140623_wald_sd.mp4
http://tv-download.dw.de/Events/mp4/gld/gld20140623_wohnzimmer_sd.mp4
http://tv-download.dw.de/Events/mp4/gld/gld20140630_fragebogen_sd.mp4
http://tv-download.dw.de/Events/mp4/gld/gld20140630_internetzahlen_sd.mp4
http://tv-download.dw.de/Events/mp4/gld/gld20140630_newyork_sd.mp4
http://tv-download.dw.de/Events/mp4/gld/gld20140630_wikipedia_sd.mp4
http://tv-download.dw.de/Events/mp4/gld/gld20140707_globalsnackneu_sd.mp4
http://tv-download.dw.de/Events/mp4/gld/gld20140707_norwegen_sd.mp4
http://tv-download.dw.de/Events/mp4/gld/gld20140714_frauen_sd.mp4
http://tv-download.dw.de/Events/mp4/gld/gld20140908_mali_sd.mp4
http://tv-download.dw.de/Events/mp4/gld/gld20140908_salomonen_sd.mp4
http://tv-download.dw.de/Events/mp4/gld/gld20140908_socialentrepreneur_sd.mp4
http://tv-download.dw.de/Events/mp4/gld/gld20141027_artenvielfalt_sd.mp4
http://tv-download.dw.de/Events/mp4/gld/gld20141027_fragebogen_sd.mp4
http://tv-download.dw.de/Events/mp4/gld/gld20141027_kamerun_sd.mp4
http://tv-download.dw.de/Events/mp4/gld/gld20141117_deutschlandn_sd.mp4
http://tv-download.dw.de/Events/mp4/gld/gld20141124_arganoel_sd.mp4
http://tv-download.dw.de/Events/mp4/gld/gld20141124_indonesien_sd.mp4
http://tv-download.dw.de/Events/mp4/gld/gld20141124_wohnzimmer_sd.mp4
http://tv-download.dw.de/Events/mp4/gld/gld20141201_fragebogen_sd.mp4
http://tv-download.dw.de/Events/mp4/gld/gld20141201_globalzahl_sd.mp4
http://tv-download.dw.de/Events/mp4/gld/gld20141201_uganda_sd.mp4
http://tv-download.dw.de/Events/mp4/gld/gld20141208_gewaltmexico_sd.mp4
http://tv-download.dw.de/Events/mp4/gld/gld20141208_indonesien_sd.mp4
http://tv-download.dw.de/Events/mp4/gld/gld20141208_richardbarth_sd.mp4
http://tv-download.dw.de/Events/mp4/gld/gld20141215_luxemburg_sd.mp4
http://tv-download.dw.de/Events/mp4/gld/gld20141215_snackperu_sd.mp4
http://tv-download.dw.de/Events/mp4/gld/gld20141222_marokkoneu_sd.mp4
http://tv-download.dw.de/Events/mp4/gld/gld20141222_monarchfalter_sd.mp4
http://tv-download.dw.de/Events/mp4/gld/gld20141222_nepal_sd.mp4
http://tv-download.dw.de/Events/mp4/gld/gld20141222_wohnzimmer_sd.mp4
http://tv-download.dw.de/Events/mp4/gld/gld20150112_kenia_sd.mp4
http://tv-download.dw.de/Events/mp4/gld/gld20150112_yglsuhas_sd.mp4
http://tv-download.dw.de/Events/mp4/gld/gld20150119_leaders_sd.mp4
http://tv-download.dw.de/Events/mp4/gld/gld20150119_nashorn_sd.mp4
http://tv-download.dw.de/Events/mp4/gld/gld20150119_steuer_sd.mp4
http://tv-download.dw.de/Events/mp4/gld/gld20150119_ttip_sd.mp4
http://tv-download.dw.de/Events/mp4/gld/gld20150126_peru_sd.mp4
http://tv-download.dw.de/Events/mp4/gld/gld20150127_indienneu_sd.mp4
http://tv-download.dw.de/Events/mp4/gld/gld20150202_pooja_sd.mp4
http://tv-download.dw.de/Events/mp4/gld/gld20150202_snack_sd.mp4
http://tv-download.dw.de/Events/mp4/gld/gld20150209_wohnzimmer_nepal_sd.mp4
http://tv-download.dw.de/Events/mp4/gld/gld20150216_elsalvador_sd.mp4
http://tv-download.dw.de/Events/mp4/gld/gld20150216_immo_sd.mp4
http://tv-download.dw.de/Events/mp4/gld/gld20150216_marokko_sd.mp4
http://tv-download.dw.de/Events/mp4/gld/gld20150223_fragebogen_sd.mp4
http://tv-download.dw.de/Events/mp4/gld/gld20150302_gsbrasil_sd.mp4
http://tv-download.dw.de/Events/mp4/gld/gld20150302_kambodscha_sd.mp4
http://tv-download.dw.de/Events/mp4/gld/gld20150309_istanbul_sd.mp4
http://tv-download.dw.de/Events/mp4/gld/gld20150309_kuba_sd.mp4
http://tv-download.dw.de/Events/mp4/gld/gld20150309_opium_sd.mp4
http://tv-download.dw.de/Events/mp4/gld/gld20150316_china_sd.mp4
http://tv-download.dw.de/Events/mp4/gld/gld20150323_hochiminhstadt_sd.mp4
http://tv-download.dw.de/Events/mp4/gld/gld20150413_delhi_sd.mp4
http://tv-download.dw.de/Events/mp4/gld/gld20150413_indien_sd.mp4
http://tv-download.dw.de/Events/mp4/gld/gld20150413_snack_sd.mp4
http://tv-download.dw.de/Events/mp4/gld/gld20150413_tee_sd.mp4
http://tv-download.dw.de/Events/mp4/gld/gld20150420_bodenerosion_sd.mp4
http://tv-download.dw.de/Events/mp4/gld/gld20150420_bodenknappheit_sd.mp4
http://tv-download.dw.de/Events/mp4/gld/gld20150420_fragebogen_sd.mp4
http://tv-download.dw.de/Events/mp4/gld/gld20150427_eritrea_sd.mp4
http://tv-download.dw.de/Events/mp4/gld/gld20150427_libyen_sd.mp4
http://tv-download.dw.de/Events/mp4/gld/gld20150427_rueckkehrer_sd.mp4
http://tv-download.dw.de/Events/mp4/gld/gld20150504_robohand_sd.mp4
http://tv-download.dw.de/Events/mp4/gld/gld20150504_studienkredite_sd.mp4
http://tv-download.dw.de/Events/mp4/gld/gld20150511_nepal_sd.mp4
http://tv-download.dw.de/Events/mp4/gld/gld20150511_wohnzimmer_sd.mp4
http://tv-download.dw.de/Events/mp4/globalideas_de/globalideas_de20130603_nicaragua_sd.mp4
http://tv-download.dw.de/Events/mp4/globalideas_de/globalideas_de20131028_grenada_sd.mp4
http://tv-download.dw.de/Events/mp4/globalideas_de/globalideas_de20140112_fidschi_lang_sd.mp4
http://tv-download.dw.de/Events/mp4/globalideas_de/globalideas_de20140120_aethiopien_sd.mp4
http://tv-download.dw.de/Events/mp4/globalideas_de/globalideas_de20140203_mexikoneu_sd.mp4
http://tv-download.dw.de/Events/mp4/globalideas_de/globalideas_de20140209_brasilien_lang_sd.mp4
http://tv-download.dw.de/Events/mp4/globalideas_de/globalideas_de20140210_brasilienn_sd.mp4
http://tv-download.dw.de/Events/mp4/globalideas_de/globalideas_de20140217_philippinen_langneu_sd.mp4
http://tv-download.dw.de/Events/mp4/globalideas_de/globalideas_de20140224_mauritius_sd.mp4
http://tv-download.dw.de/Events/mp4/globalideas_de/globalideas_de20140303_fidschisn_sd.mp4
http://tv-download.dw.de/Events/mp4/globalideas_de/globalideas_de20140310_brasilien_sd.mp4
http://tv-download.dw.de/Events/mp4/globalideas_de/globalideas_de20140317_kenia_sd.mp4
http://tv-download.dw.de/Events/mp4/globalideas_de/globalideas_de20140324_belize_sd.mp4
http://tv-download.dw.de/Events/mp4/globalideas_de/globalideas_de20140331_klimamongolai_sd.mp4
http://tv-download.dw.de/Events/mp4/globalideas_de/globalideas_de20140407_malediven_sd.mp4
http://tv-download.dw.de/Events/mp4/globalideas_de/globalideas_de20140414_bangladesh_sd.mp4
http://tv-download.dw.de/Events/mp4/globalideas_de/globalideas_de20140421_klimapferde_sd.mp4
http://tv-download.dw.de/Events/mp4/globalideas_de/globalideas_de20140505_kolumbien_sd.mp4
http://tv-download.dw.de/Events/mp4/globalideas_de/globalideas_de20140512_aethiopien_sd.mp4
http://tv-download.dw.de/Events/mp4/globalideas_de/globalideas_de20140519_mosambik_sd.mp4
http://tv-download.dw.de/Events/mp4/globalideas_de/globalideas_de20140526_paraguay_sd.mp4
http://tv-download.dw.de/Events/mp4/globalideas_de/globalideas_de20140602_schnorcheln_sd.mp4
http://tv-download.dw.de/Events/mp4/globalideas_de/globalideas_de20140609_vietnam_sd.mp4
http://tv-download.dw.de/Events/mp4/globalideas_de/globalideas_de20140623_sambia_sd.mp4
http://tv-download.dw.de/Events/mp4/globalideas_de/globalideas_de20140630_perukartoffel_sd.mp4
http://tv-download.dw.de/Events/mp4/globalideas_de/globalideas_de20140707_kongo_sd.mp4
http://tv-download.dw.de/Events/mp4/globalideas_de/globalideas_de20140714_mexiko_sd.mp4
http://tv-download.dw.de/Events/mp4/globalideas_de/globalideas_de20140908_klimacostarica_sd.mp4
http://tv-download.dw.de/Events/mp4/globalideas_de/globalideas_de20141028_kongo_sd.mp4
http://tv-download.dw.de/Events/mp4/globalideas_de/globalideas_de20141117_banglalang_sd.mp4
http://tv-download.dw.de/Events/mp4/globalideas_de/globalideas_de20141124_suedafrika_sd.mp4
http://tv-download.dw.de/Events/mp4/globalideas_de/globalideas_de20141215_laoslang_sd.mp4
http://tv-download.dw.de/Events/mp4/globalideas_de/globalideas_de20150112_fiji_lang_sd.mp4
http://tv-download.dw.de/Events/mp4/globalideas_de/globalideas_de20150202_honduraslangneu_sd.mp4
http://tv-download.dw.de/Events/mp4/globalideas_de/globalideas_de20150216_suedafrika_sd.mp4
http://tv-download.dw.de/Events/mp4/globalideas_de/globalideas_de20150223_kenia_sd.mp4
http://tv-download.dw.de/Events/mp4/globalideas_de/globalideas_de20150309_beninn_sd.mp4
http://tv-download.dw.de/Events/mp4/globalideas_de/globalideas_de20150316_mosambik_sd.mp4
http://tv-download.dw.de/Events/mp4/globalideas_de/globalideas_de20150323_mexiko_sd.mp4
http://tv-download.dw.de/Events/mp4/globalideas_de/globalideas_de20150413_nepal_sd.mp4
http://tv-download.dw.de/Events/mp4/globalideas_de/globalideas_de20150420_philippinen_sd.mp4
http://tv-download.dw.de/Events/mp4/globalideas_de/globalideas_de20150427_papageifisch_sd.mp4
http://tv-download.dw.de/Events/mp4/globalideas_de/globalideas_de20150504_bogota_sd.mp4
http://tv-download.dw.de/Events/mp4/globalideas_de/globalideas_de20150511_armenien_sd.mp4
http://tv-download.dw.de/Events/mp4/jd/jd20130823_reporter_sd.mp4
http://tv-download.dw.de/Events/mp4/jd/jd20130831_reporter04f_sd.mp4
http://tv-download.dw.de/Events/mp4/jd/jd20130906_reporter_sd.mp4
http://tv-download.dw.de/Events/mp4/jd/jd20130914_reporter04f_sd.mp4
http://tv-download.dw.de/Events/mp4/jd/jd20130921_reporter_sd.mp4
http://tv-download.dw.de/Events/mp4/jd/jd20131012_reporter12f_sd.mp4
http://tv-download.dw.de/Events/mp4/jd/jd20131019_reporter_sd.mp4
http://tv-download.dw.de/Events/mp4/jd/jd20131025_reporter_sd.mp4
http://tv-download.dw.de/Events/mp4/jd/jd20131101_reprter_sd.mp4
http://tv-download.dw.de/Events/mp4/jd/jd20131109_reporter_sd.mp4
http://tv-download.dw.de/Events/mp4/jd/jd20131116_reporter_sd.mp4
http://tv-download.dw.de/Events/mp4/jd/jd20131122_reporter_sd.mp4
http://tv-download.dw.de/Events/mp4/jd/jd20131130_reporter_sd.mp4
http://tv-download.dw.de/Events/mp4/jd/jd20131206_reporter_sd.mp4
http://tv-download.dw.de/Events/mp4/jd/jd20131214_reporter_sd.mp4
http://tv-download.dw.de/Events/mp4/jd/jd20131220_reporter_sd.mp4
http://tv-download.dw.de/Events/mp4/jd/jd20131227_reporter_sd.mp4
http://tv-download.dw.de/Events/mp4/jd/jd20140104_reporter_sd.mp4
http://tv-download.dw.de/Events/mp4/jd/jd20140111_reporter_sd.mp4
http://tv-download.dw.de/Events/mp4/jd/jd20140118_reporter_sd.mp4
http://tv-download.dw.de/Events/mp4/jd/jd20140125_reporter_sd.mp4
http://tv-download.dw.de/Events/mp4/jd/jd20140201_reporter_sd.mp4
http://tv-download.dw.de/Events/mp4/jd/jd20140208_reporter_sd.mp4
http://tv-download.dw.de/Events/mp4/jd/jd20140215_reporter_sd.mp4
http://tv-download.dw.de/Events/mp4/jd/jd20140222_reporter_sd.mp4
http://tv-download.dw.de/Events/mp4/jd/jd20140301_reporter_sd.mp4
http://tv-download.dw.de/Events/mp4/jd/jd20140308_reporter_sd.mp4
http://tv-download.dw.de/Events/mp4/jd/jd20140315_reporter_sd.mp4
http://tv-download.dw.de/Events/mp4/jd/jd20140322_reporter_sd.mp4
http://tv-download.dw.de/Events/mp4/jd/jd20140329_reporter_sd.mp4
http://tv-download.dw.de/Events/mp4/jd/jd20140405_reporter09f_sd.mp4
http://tv-download.dw.de/Events/mp4/jd/jd20140412_reporterneu_sd.mp4
http://tv-download.dw.de/Events/mp4/jd/jd20140419_reporter_sd.mp4
http://tv-download.dw.de/Events/mp4/jd/jd20140426_reporter_sd.mp4
http://tv-download.dw.de/Events/mp4/jd/jd20140503_reporter_sd.mp4
http://tv-download.dw.de/Events/mp4/jd/jd20140510_reporter_sd.mp4
http://tv-download.dw.de/Events/mp4/jd/jd20140516_reporter_sd.mp4
http://tv-download.dw.de/Events/mp4/jd/jd20140524_reporter_sd.mp4
http://tv-download.dw.de/Events/mp4/jd/jd20140531_reporter_sd.mp4
http://tv-download.dw.de/Events/mp4/jd/jd20140607_reporter_sd.mp4
http://tv-download.dw.de/Events/mp4/jd/jd20140614_reporter_sd.mp4
http://tv-download.dw.de/Events/mp4/jd/jd20140620_reporter_sd.mp4
http://tv-download.dw.de/Events/mp4/jd/jd20140628_reporter_sd.mp4
http://tv-download.dw.de/Events/mp4/jd/jd20140705_reporter_sd.mp4
http://tv-download.dw.de/Events/mp4/jd/jd20140719_reporter_sd.mp4
http://tv-download.dw.de/Events/mp4/jd/jd20140726_reporter_sd.mp4
http://tv-download.dw.de/Events/mp4/jd/jd20140802_reporter_sd.mp4
http://tv-download.dw.de/Events/mp4/jd/jd20140809_reporter_sd.mp4
http://tv-download.dw.de/Events/mp4/jd/jd20140816_reporterneu_sd.mp4
http://tv-download.dw.de/Events/mp4/jd/jd20140822_reporter_sd.mp4
http://tv-download.dw.de/Events/mp4/jd/jd20140830_reporter_sd.mp4
http://tv-download.dw.de/Events/mp4/jd/jd20140913_reporter_sd.mp4
http://tv-download.dw.de/Events/mp4/jd/jd20140920_reporter_sd.mp4
http://tv-download.dw.de/Events/mp4/jd/jd20140927_reporter_sd.mp4
http://tv-download.dw.de/Events/mp4/jd/jd20141004_reporter_sd.mp4
http://tv-download.dw.de/Events/mp4/jd/jd20141011_reporter_sd.mp4
http://tv-download.dw.de/Events/mp4/jd/jd20141018_reporter12f_sd.mp4
http://tv-download.dw.de/Events/mp4/jd/jd20141024_reporter_sd.mp4
http://tv-download.dw.de/Events/mp4/jd/jd20141101_reporter_sd.mp4
http://tv-download.dw.de/Events/mp4/jd/jd20141107_reporter_sd.mp4
http://tv-download.dw.de/Events/mp4/jd/jd20141114_reporter_sd.mp4
http://tv-download.dw.de/Events/mp4/jd/jd20141122_reporter_sd.mp4
http://tv-download.dw.de/Events/mp4/jd/jd20141128_reporter_sd.mp4
http://tv-download.dw.de/Events/mp4/jd/jd20141205_reporter_sd.mp4
http://tv-download.dw.de/Events/mp4/jd/jd20141214_reporter_sd.mp4
http://tv-download.dw.de/Events/mp4/jd/jd20141219_reporter_sd.mp4
http://tv-download.dw.de/Events/mp4/jd/jd20141227_reporter_sd.mp4
http://tv-download.dw.de/Events/mp4/jd/jd20150103_reporter_sd.mp4
http://tv-download.dw.de/Events/mp4/jd/jd20150110_reporter_sd.mp4
http://tv-download.dw.de/Events/mp4/jd/jd20150124_reporter_sd.mp4
http://tv-download.dw.de/Events/mp4/jd/jd20150130_reporterauschwitz_sd.mp4
http://tv-download.dw.de/Events/mp4/jd/jd20150207_reporter_sd.mp4
http://tv-download.dw.de/Events/mp4/jd/jd20150214_reporter_sd.mp4
http://tv-download.dw.de/Events/mp4/jd/jd20150221_reporter_sd.mp4
http://tv-download.dw.de/Events/mp4/jd/jd20150228_reporter_sd.mp4
http://tv-download.dw.de/Events/mp4/jd/jd20150307_reporter_sd.mp4
http://tv-download.dw.de/Events/mp4/jd/jd20150314_reporter_sd.mp4
http://tv-download.dw.de/Events/mp4/jd/jd20150320_reporter_sd.mp4
http://tv-download.dw.de/Events/mp4/jd/jd20150328_reporter_sd.mp4
http://tv-download.dw.de/Events/mp4/jd/jd20150404_reporter_sd.mp4
http://tv-download.dw.de/Events/mp4/jd/jd20150411_reporter_sd.mp4
http://tv-download.dw.de/Events/mp4/jd/jd20150418_reporter_sd.mp4
http://tv-download.dw.de/Events/mp4/jd/jd20150424_reporter_sd.mp4
http://tv-download.dw.de/Events/mp4/jd/jd20150508_reporterrahelmannneu_sd.mp4
http://tv-download.dw.de/Events/mp4/jd/jd20150508_reporter_sd.mp4
http://tv-download.dw.de/Events/mp4/jd/jd20150515_reporter_sd.mp4
http://tv-download.dw.de/Events/mp4/sonder/sonder201010_maerchen_ahmad_sd.mp4
http://tv-download.dw.de/Events/mp4/sonder/sonder201010_maerchen_ankeran_sd.mp4
http://tv-download.dw.de/Events/mp4/sonder/sonder201010_maerchen_australien_sd.mp4
http://tv-download.dw.de/Events/mp4/sonder/sonder201010_maerchen_brasilien_sd.mp4
http://tv-download.dw.de/Events/mp4/sonder/sonder201010_maerchen_bretagne_sd.mp4
http://tv-download.dw.de/Events/mp4/sonder/sonder201010_maerchen_champakas_sd.mp4
http://tv-download.dw.de/Events/mp4/sonder/sonder201010_maerchen_colapesce_sd.mp4
http://tv-download.dw.de/Events/mp4/sonder/sonder201010_maerchen_dschinni_sd.mp4
http://tv-download.dw.de/Events/mp4/sonder/sonder201010_maerchen_floetenspieler_sd.mp4
http://tv-download.dw.de/Events/mp4/sonder/sonder201010_maerchen_fuchstiger_sd.mp4
http://tv-download.dw.de/Events/mp4/sonder/sonder201010_maerchen_giraffeundnashorn_sd.mp4
http://tv-download.dw.de/Events/mp4/sonder/sonder201010_maerchen_mawensi_sd.mp4
http://tv-download.dw.de/Events/mp4/sonder/sonder201010_maerchen_persien_sd.mp4
http://tv-download.dw.de/Events/mp4/sonder/sonder201010_maerchen_rauneziege_sd.mp4
http://tv-download.dw.de/Events/mp4/sonder/sonder201010_maerchen_rumaenien_sd.mp4
http://tv-download.dw.de/Events/mp4/sonder/sonder201010_maerchen_russland_sd.mp4
http://tv-download.dw.de/Events/mp4/sonder/sonder201010_maerchen_schwefelhoelzer_sd.mp4
http://tv-download.dw.de/Events/mp4/sonder/sonder201010_maerchen_sirko_sd.mp4
http://tv-download.dw.de/Events/mp4/sonder/sonder201010_maerchen_sterntaler_sd.mp4
http://tv-download.dw.de/Events/mp4/sonder/sonder201010_maerchen_tochter_sd.mp4
http://tv-download.dw.de/Events/mp4/sonder/sonder201010_maerchen_tuerkei_sd.mp4
http://tv-download.dw.de/Events/mp4/sonder/sonder201010_maerchen_twardowski_sd.mp4
